This file contains any messages produced by compilers while
running configure, to aid debugging if configure makes a mistake.

It was created by sleuthkit configure 4.1.3, which was
generated by GNU Autoconf 2.61.  Invocation command line was

  $ ./configure 

## --------- ##
## Platform. ##
## --------- ##

hostname = dhcp-892b1c52.ucd.ie
uname -m = x86_64
uname -r = 18.7.0
uname -s = Darwin
uname -v = Darwin Kernel Version 18.7.0: Tue Aug 20 16:57:14 PDT 2019; root:xnu-4903.271.2~2/RELEASE_X86_64

/usr/bin/uname -p = i386
/bin/uname -X     = unknown

/bin/arch              = unknown
/usr/bin/arch -k       = unknown
/usr/convex/getsysinfo = unknown
/usr/bin/hostinfo      = Mach kernel version:
	 Darwin Kernel Version 18.7.0: Tue Aug 20 16:57:14 PDT 2019; root:xnu-4903.271.2~2/RELEASE_X86_64
Kernel configured for up to 8 processors.
4 processors are physically available.
8 processors are logically available.
Processor type: x86_64h (Intel x86-64h Haswell)
Processors active: 0 1 2 3 4 5 6 7
Primary memory available: 8.00 gigabytes
Default processor set: 312 tasks, 1397 threads, 8 processors
Load average: 1.34, Mach factor: 6.64
/bin/machine           = unknown
/usr/bin/oslevel       = unknown
/bin/universe          = unknown

PATH: /Library/Frameworks/Python.framework/Versions/3.7/bin
PATH: /usr/local/bin
PATH: /usr/bin
PATH: /bin
PATH: /usr/sbin
PATH: /sbin
PATH: /usr/local/share/dotnet
PATH: ~/.dotnet/tools
PATH: /Library/Frameworks/Mono.framework/Versions/Current/Commands
PATH: /Applications/Xamarin Workbooks.app/Contents/SharedSupport/path-bin


## ----------- ##
## Core tests. ##
## ----------- ##

configure:2209: checking for a BSD-compatible install
configure:2265: result: /usr/bin/install -c
configure:2276: checking whether build environment is sane
configure:2319: result: yes
configure:2347: checking for a thread-safe mkdir -p
configure:2386: result: config/install-sh -c -d
configure:2399: checking for gawk
configure:2429: result: no
configure:2399: checking for mawk
configure:2429: result: no
configure:2399: checking for nawk
configure:2429: result: no
configure:2399: checking for awk
configure:2415: found /usr/bin/awk
configure:2426: result: awk
configure:2437: checking whether make sets $(MAKE)
configure:2458: result: yes
configure:2680: checking for cppunit-config
configure:2711: result: no
configure:2721: checking for Cppunit - version >= 1.12.1
configure:2725: result: no
configure:2826: checking build system type
configure:2844: result: i386-apple-darwin18.7.0
configure:2866: checking host system type
configure:2881: result: i386-apple-darwin18.7.0
configure:2915: checking for style of include used by make
configure:2943: result: GNU
configure:3013: checking for gcc
configure:3029: found /usr/bin/gcc
configure:3040: result: gcc
configure:3278: checking for C compiler version
configure:3285: gcc --version >&5
Configured with: --prefix=/Library/Developer/CommandLineTools/usr --with-gxx-include-dir=/Library/Developer/CommandLineTools/SDKs/MacOSX10.14.sdk/usr/include/c++/4.2.1
Apple LLVM version 10.0.1 (clang-1001.0.46.4)
Target: x86_64-apple-darwin18.7.0
Thread model: posix
InstalledDir: /Library/Developer/CommandLineTools/usr/bin
configure:3288: $? = 0
configure:3295: gcc -v >&5
Configured with: --prefix=/Library/Developer/CommandLineTools/usr --with-gxx-include-dir=/Library/Developer/CommandLineTools/SDKs/MacOSX10.14.sdk/usr/include/c++/4.2.1
Apple LLVM version 10.0.1 (clang-1001.0.46.4)
Target: x86_64-apple-darwin18.7.0
Thread model: posix
InstalledDir: /Library/Developer/CommandLineTools/usr/bin
configure:3298: $? = 0
configure:3305: gcc -V >&5
clang: error: unsupported option '-V -Wno-atomic-implicit-seq-cst'
clang: error: no input files
configure:3308: $? = 1
configure:3331: checking for C compiler default output file name
configure:3358: gcc    conftest.c  >&5
configure:3361: $? = 0
configure:3399: result: a.out
configure:3416: checking whether the C compiler works
configure:3426: ./a.out
configure:3429: $? = 0
configure:3446: result: yes
configure:3453: checking whether we are cross compiling
configure:3455: result: no
configure:3458: checking for suffix of executables
configure:3465: gcc -o conftest    conftest.c  >&5
configure:3468: $? = 0
configure:3492: result: 
configure:3498: checking for suffix of object files
configure:3524: gcc -c   conftest.c >&5
configure:3527: $? = 0
configure:3550: result: o
configure:3554: checking whether we are using the GNU C compiler
configure:3583: gcc -c   conftest.c >&5
configure:3589: $? = 0
configure:3606: result: yes
configure:3611: checking whether gcc accepts -g
configure:3641: gcc -c -g  conftest.c >&5
configure:3647: $? = 0
configure:3746: result: yes
configure:3763: checking for gcc option to accept ISO C89
configure:3837: gcc  -c -g -O2  conftest.c >&5
configure:3843: $? = 0
configure:3866: result: none needed
configure:3886: checking dependency style of gcc
configure:3977: result: gcc3
configure:3992: checking for a sed that does not truncate output
configure:4071: result: /usr/bin/sed
configure:4089: checking for grep that handles long lines and -e
configure:4163: result: /usr/bin/grep
configure:4168: checking for egrep
configure:4246: result: /usr/bin/grep -E
configure:4251: checking for fgrep
configure:4329: result: /usr/bin/grep -F
configure:4364: checking for ld used by gcc
configure:4431: result: /Library/Developer/CommandLineTools/usr/bin/ld
configure:4440: checking if the linker (/Library/Developer/CommandLineTools/usr/bin/ld) is GNU ld
configure:4455: result: no
configure:4467: checking for BSD- or MS-compatible name lister (nm)
configure:4516: result: /usr/bin/nm -B
configure:4638: checking the name lister (/usr/bin/nm -B) interface
configure:4645: gcc -c -g -O2  conftest.c >&5
configure:4648: /usr/bin/nm -B "conftest.o"
configure:4651: output
00000000000001e4 S _some_variable
configure:4658: result: BSD nm
configure:4661: checking whether ln -s works
configure:4665: result: yes
configure:4673: checking the maximum length of command line arguments
configure:4793: result: 196608
configure:4810: checking whether the shell understands some XSI constructs
configure:4820: result: yes
configure:4824: checking whether the shell understands "+="
configure:4830: result: yes
configure:4865: checking for /Library/Developer/CommandLineTools/usr/bin/ld option to reload object files
configure:4872: result: -r
configure:4899: checking how to recognize dependent libraries
configure:5089: result: pass_all
configure:5149: checking for ar
configure:5165: found /usr/bin/ar
configure:5176: result: ar
configure:5258: checking for strip
configure:5274: found /usr/bin/strip
configure:5285: result: strip
configure:5361: checking for ranlib
configure:5377: found /usr/bin/ranlib
configure:5388: result: ranlib
configure:5482: checking command to parse /usr/bin/nm -B output from gcc object
configure:5600: gcc -c -g -O2  conftest.c >&5
configure:5603: $? = 0
configure:5607: /usr/bin/nm -B conftest.o \| sed -n -e 's/^.*[	 ]\([BCDEGRST][BCDEGRST]*\)[	 ][	 ]*\([_A-Za-z][_A-Za-z0-9]*\)$/\1 \2 \2/p' \> conftest.nm
configure:5610: $? = 0
cannot find nm_test_var in conftest.nm
configure:5600: gcc -c -g -O2  conftest.c >&5
configure:5603: $? = 0
configure:5607: /usr/bin/nm -B conftest.o \| sed -n -e 's/^.*[	 ]\([BCDEGRST][BCDEGRST]*\)[	 ][	 ]*_\([_A-Za-z][_A-Za-z0-9]*\)$/\1 _\2 \2/p' \> conftest.nm
configure:5610: $? = 0
configure:5664: gcc -o conftest -g -O2   conftest.c conftstm.o >&5
warning: (x86_64)  could not find object file symbol for symbol _main
configure:5667: $? = 0
configure:5705: result: ok
configure:5995: checking for dsymutil
configure:6011: found /usr/bin/dsymutil
configure:6022: result: dsymutil
configure:6091: checking for nmedit
configure:6107: found /usr/bin/nmedit
configure:6118: result: nmedit
configure:6187: checking for lipo
configure:6203: found /usr/bin/lipo
configure:6214: result: lipo
configure:6283: checking for otool
configure:6299: found /usr/bin/otool
configure:6310: result: otool
configure:6379: checking for otool64
configure:6409: result: no
configure:6458: checking for -single_module linker flag
gcc -g -O2  -o libconftest.dylib -dynamiclib -Wl,-single_module conftest.c
configure:6485: result: yes
configure:6487: checking for -exported_symbols_list linker flag
configure:6517: gcc -o conftest -g -O2   -Wl,-exported_symbols_list,conftest.sym conftest.c  >&5
configure:6523: $? = 0
configure:6542: result: yes
configure:6584: checking how to run the C preprocessor
configure:6624: gcc -E  conftest.c
configure:6630: $? = 0
configure:6661: gcc -E  conftest.c
conftest.c:10:10: fatal error: 'ac_nonexistent.h' file not found
#include <ac_nonexistent.h>
         ^~~~~~~~~~~~~~~~~~
1 error generated.
configure:6667: $? = 1
configure: failed program was:
| /* confdefs.h.  */
| #define PACKAGE_NAME "sleuthkit"
| #define PACKAGE_TARNAME "sleuthkit"
| #define PACKAGE_VERSION "4.1.3"
| #define PACKAGE_STRING "sleuthkit 4.1.3"
| #define PACKAGE_BUGREPORT ""
| #define PACKAGE "sleuthkit"
| #define VERSION "4.1.3"
| /* end confdefs.h.  */
| #include <ac_nonexistent.h>
configure:6700: result: gcc -E
configure:6729: gcc -E  conftest.c
configure:6735: $? = 0
configure:6766: gcc -E  conftest.c
conftest.c:10:10: fatal error: 'ac_nonexistent.h' file not found
#include <ac_nonexistent.h>
         ^~~~~~~~~~~~~~~~~~
1 error generated.
configure:6772: $? = 1
configure: failed program was:
| /* confdefs.h.  */
| #define PACKAGE_NAME "sleuthkit"
| #define PACKAGE_TARNAME "sleuthkit"
| #define PACKAGE_VERSION "4.1.3"
| #define PACKAGE_STRING "sleuthkit 4.1.3"
| #define PACKAGE_BUGREPORT ""
| #define PACKAGE "sleuthkit"
| #define VERSION "4.1.3"
| /* end confdefs.h.  */
| #include <ac_nonexistent.h>
configure:6810: checking for ANSI C header files
configure:6840: gcc -c -g -O2  conftest.c >&5
configure:6846: $? = 0
configure:6945: gcc -o conftest -g -O2   conftest.c  >&5
configure:6948: $? = 0
configure:6954: ./conftest
configure:6957: $? = 0
configure:6974: result: yes
configure:6998: checking for sys/types.h
configure:7019: gcc -c -g -O2  conftest.c >&5
configure:7025: $? = 0
configure:7041: result: yes
configure:6998: checking for sys/stat.h
configure:7019: gcc -c -g -O2  conftest.c >&5
configure:7025: $? = 0
configure:7041: result: yes
configure:6998: checking for stdlib.h
configure:7019: gcc -c -g -O2  conftest.c >&5
configure:7025: $? = 0
configure:7041: result: yes
configure:6998: checking for string.h
configure:7019: gcc -c -g -O2  conftest.c >&5
configure:7025: $? = 0
configure:7041: result: yes
configure:6998: checking for memory.h
configure:7019: gcc -c -g -O2  conftest.c >&5
configure:7025: $? = 0
configure:7041: result: yes
configure:6998: checking for strings.h
configure:7019: gcc -c -g -O2  conftest.c >&5
configure:7025: $? = 0
configure:7041: result: yes
configure:6998: checking for inttypes.h
configure:7019: gcc -c -g -O2  conftest.c >&5
configure:7025: $? = 0
configure:7041: result: yes
configure:6998: checking for stdint.h
configure:7019: gcc -c -g -O2  conftest.c >&5
configure:7025: $? = 0
configure:7041: result: yes
configure:6998: checking for unistd.h
configure:7019: gcc -c -g -O2  conftest.c >&5
configure:7025: $? = 0
configure:7041: result: yes
configure:7057: checking for dlfcn.h
configure:7078: gcc -c -g -O2  conftest.c >&5
configure:7084: $? = 0
configure:7100: result: yes
configure:7284: checking for objdir
configure:7299: result: .libs
configure:7591: checking if gcc supports -fno-rtti -fno-exceptions
configure:7609: gcc -c -g -O2  -fno-rtti -fno-exceptions conftest.c >&5
configure:7613: $? = 0
configure:7626: result: yes
configure:7646: checking for gcc option to produce PIC
configure:7903: result: -fno-common -DPIC
configure:7915: checking if gcc PIC flag -fno-common -DPIC works
configure:7933: gcc -c -g -O2  -fno-common -DPIC -DPIC conftest.c >&5
configure:7937: $? = 0
configure:7950: result: yes
configure:7974: checking if gcc static flag -static works
configure:8002: result: no
configure:8017: checking if gcc supports -c -o file.o
configure:8038: gcc -c -g -O2  -o out/conftest2.o conftest.c >&5
configure:8042: $? = 0
configure:8064: result: yes
configure:8072: checking if gcc supports -c -o file.o
configure:8119: result: yes
configure:8152: checking whether the gcc linker (/Library/Developer/CommandLineTools/usr/bin/ld) supports shared libraries
configure:9206: result: yes
configure:9445: checking dynamic linker characteristics
configure:10124: result: darwin18.7.0 dyld
configure:10226: checking how to hardcode library paths into programs
configure:10251: result: immediate
configure:11064: checking whether stripping libraries is possible
configure:11078: result: yes
configure:11104: checking if libtool supports shared libraries
configure:11106: result: yes
configure:11109: checking whether to build shared libraries
configure:11130: result: yes
configure:11133: checking whether to build static libraries
configure:11137: result: yes
configure:11172: checking whether to enable maintainer-specific portions of Makefiles
configure:11181: result: no
configure:11254: checking for g++
configure:11270: found /usr/bin/g++
configure:11281: result: g++
configure:11312: checking for C++ compiler version
configure:11319: g++ --version >&5
Configured with: --prefix=/Library/Developer/CommandLineTools/usr --with-gxx-include-dir=/Library/Developer/CommandLineTools/SDKs/MacOSX10.14.sdk/usr/include/c++/4.2.1
Apple LLVM version 10.0.1 (clang-1001.0.46.4)
Target: x86_64-apple-darwin18.7.0
Thread model: posix
InstalledDir: /Library/Developer/CommandLineTools/usr/bin
configure:11322: $? = 0
configure:11329: g++ -v >&5
Configured with: --prefix=/Library/Developer/CommandLineTools/usr --with-gxx-include-dir=/Library/Developer/CommandLineTools/SDKs/MacOSX10.14.sdk/usr/include/c++/4.2.1
Apple LLVM version 10.0.1 (clang-1001.0.46.4)
Target: x86_64-apple-darwin18.7.0
Thread model: posix
InstalledDir: /Library/Developer/CommandLineTools/usr/bin
configure:11332: $? = 0
configure:11339: g++ -V >&5
clang: error: unsupported option '-V -Wno-atomic-implicit-seq-cst'
clang: error: no input files
configure:11342: $? = 1
configure:11345: checking whether we are using the GNU C++ compiler
configure:11374: g++ -c   conftest.cpp >&5
configure:11380: $? = 0
configure:11397: result: yes
configure:11402: checking whether g++ accepts -g
configure:11432: g++ -c -g  conftest.cpp >&5
configure:11438: $? = 0
configure:11537: result: yes
configure:11562: checking dependency style of g++
configure:11653: result: gcc3
configure:11785: checking for C++ compiler version
configure:11792: g++ --version >&5
Configured with: --prefix=/Library/Developer/CommandLineTools/usr --with-gxx-include-dir=/Library/Developer/CommandLineTools/SDKs/MacOSX10.14.sdk/usr/include/c++/4.2.1
Apple LLVM version 10.0.1 (clang-1001.0.46.4)
Target: x86_64-apple-darwin18.7.0
Thread model: posix
InstalledDir: /Library/Developer/CommandLineTools/usr/bin
configure:11795: $? = 0
configure:11802: g++ -v >&5
Configured with: --prefix=/Library/Developer/CommandLineTools/usr --with-gxx-include-dir=/Library/Developer/CommandLineTools/SDKs/MacOSX10.14.sdk/usr/include/c++/4.2.1
Apple LLVM version 10.0.1 (clang-1001.0.46.4)
Target: x86_64-apple-darwin18.7.0
Thread model: posix
InstalledDir: /Library/Developer/CommandLineTools/usr/bin
configure:11805: $? = 0
configure:11812: g++ -V >&5
clang: error: unsupported option '-V -Wno-atomic-implicit-seq-cst'
clang: error: no input files
configure:11815: $? = 1
configure:11818: checking whether we are using the GNU C++ compiler
configure:11870: result: yes
configure:11875: checking whether g++ accepts -g
configure:12010: result: yes
configure:12035: checking dependency style of g++
configure:12126: result: gcc3
configure:12149: checking how to run the C++ preprocessor
configure:12185: g++ -E  conftest.cpp
configure:12191: $? = 0
configure:12222: g++ -E  conftest.cpp
conftest.cpp:22:10: fatal error: 'ac_nonexistent.h' file not found
#include <ac_nonexistent.h>
         ^~~~~~~~~~~~~~~~~~
1 error generated.
configure:12228: $? = 1
configure: failed program was:
| /* confdefs.h.  */
| #define PACKAGE_NAME "sleuthkit"
| #define PACKAGE_TARNAME "sleuthkit"
| #define PACKAGE_VERSION "4.1.3"
| #define PACKAGE_STRING "sleuthkit 4.1.3"
| #define PACKAGE_BUGREPORT ""
| #define PACKAGE "sleuthkit"
| #define VERSION "4.1.3"
| #define STDC_HEADERS 1
| #define HAVE_SYS_TYPES_H 1
| #define HAVE_SYS_STAT_H 1
| #define HAVE_STDLIB_H 1
| #define HAVE_STRING_H 1
| #define HAVE_MEMORY_H 1
| #define HAVE_STRINGS_H 1
| #define HAVE_INTTYPES_H 1
| #define HAVE_STDINT_H 1
| #define HAVE_UNISTD_H 1
| #define HAVE_DLFCN_H 1
| #define LT_OBJDIR ".libs/"
| /* end confdefs.h.  */
| #include <ac_nonexistent.h>
configure:12261: result: g++ -E
configure:12290: g++ -E  conftest.cpp
configure:12296: $? = 0
configure:12327: g++ -E  conftest.cpp
conftest.cpp:22:10: fatal error: 'ac_nonexistent.h' file not found
#include <ac_nonexistent.h>
         ^~~~~~~~~~~~~~~~~~
1 error generated.
configure:12333: $? = 1
configure: failed program was:
| /* confdefs.h.  */
| #define PACKAGE_NAME "sleuthkit"
| #define PACKAGE_TARNAME "sleuthkit"
| #define PACKAGE_VERSION "4.1.3"
| #define PACKAGE_STRING "sleuthkit 4.1.3"
| #define PACKAGE_BUGREPORT ""
| #define PACKAGE "sleuthkit"
| #define VERSION "4.1.3"
| #define STDC_HEADERS 1
| #define HAVE_SYS_TYPES_H 1
| #define HAVE_SYS_STAT_H 1
| #define HAVE_STDLIB_H 1
| #define HAVE_STRING_H 1
| #define HAVE_MEMORY_H 1
| #define HAVE_STRINGS_H 1
| #define HAVE_INTTYPES_H 1
| #define HAVE_STDINT_H 1
| #define HAVE_UNISTD_H 1
| #define HAVE_DLFCN_H 1
| #define LT_OBJDIR ".libs/"
| /* end confdefs.h.  */
| #include <ac_nonexistent.h>
configure:12507: checking for ld used by g++
configure:12574: result: /Library/Developer/CommandLineTools/usr/bin/ld
configure:12583: checking if the linker (/Library/Developer/CommandLineTools/usr/bin/ld) is GNU ld
configure:12598: result: no
configure:12653: checking whether the g++ linker (/Library/Developer/CommandLineTools/usr/bin/ld) supports shared libraries
configure:13615: result: yes
configure:13643: g++ -c -g -O2  conftest.cpp >&5
configure:13646: $? = 0
configure:13828: checking for g++ option to produce PIC
configure:14137: result: -fno-common -DPIC
configure:14146: checking if g++ PIC flag -fno-common -DPIC works
configure:14164: g++ -c -g -O2  -fno-common -DPIC -DPIC conftest.cpp >&5
configure:14168: $? = 0
configure:14181: result: yes
configure:14202: checking if g++ static flag -static works
configure:14230: result: no
configure:14242: checking if g++ supports -c -o file.o
configure:14263: g++ -c -g -O2  -o out/conftest2.o conftest.cpp >&5
configure:14267: $? = 0
configure:14289: result: yes
configure:14294: checking if g++ supports -c -o file.o
configure:14341: result: yes
configure:14371: checking whether the g++ linker (/Library/Developer/CommandLineTools/usr/bin/ld) supports shared libraries
configure:14397: result: yes
configure:14534: checking dynamic linker characteristics
configure:15161: result: darwin18.7.0 dyld
configure:15212: checking how to hardcode library paths into programs
configure:15237: result: immediate
configure:15324: checking for gcc
configure:15351: result: gcc
configure:15589: checking for C compiler version
configure:15596: gcc --version >&5
Configured with: --prefix=/Library/Developer/CommandLineTools/usr --with-gxx-include-dir=/Library/Developer/CommandLineTools/SDKs/MacOSX10.14.sdk/usr/include/c++/4.2.1
Apple LLVM version 10.0.1 (clang-1001.0.46.4)
Target: x86_64-apple-darwin18.7.0
Thread model: posix
InstalledDir: /Library/Developer/CommandLineTools/usr/bin
configure:15599: $? = 0
configure:15606: gcc -v >&5
Configured with: --prefix=/Library/Developer/CommandLineTools/usr --with-gxx-include-dir=/Library/Developer/CommandLineTools/SDKs/MacOSX10.14.sdk/usr/include/c++/4.2.1
Apple LLVM version 10.0.1 (clang-1001.0.46.4)
Target: x86_64-apple-darwin18.7.0
Thread model: posix
InstalledDir: /Library/Developer/CommandLineTools/usr/bin
configure:15609: $? = 0
configure:15616: gcc -V >&5
clang: error: unsupported option '-V -Wno-atomic-implicit-seq-cst'
clang: error: no input files
configure:15619: $? = 1
configure:15622: checking whether we are using the GNU C compiler
configure:15674: result: yes
configure:15679: checking whether gcc accepts -g
configure:15814: result: yes
configure:15831: checking for gcc option to accept ISO C89
configure:15934: result: none needed
configure:15954: checking dependency style of gcc
configure:16045: result: gcc3
configure:16065: checking how to run the C preprocessor
configure:16181: result: gcc -E
configure:16210: gcc -E  conftest.c
configure:16216: $? = 0
configure:16247: gcc -E  conftest.c
conftest.c:22:10: fatal error: 'ac_nonexistent.h' file not found
#include <ac_nonexistent.h>
         ^~~~~~~~~~~~~~~~~~
1 error generated.
configure:16253: $? = 1
configure: failed program was:
| /* confdefs.h.  */
| #define PACKAGE_NAME "sleuthkit"
| #define PACKAGE_TARNAME "sleuthkit"
| #define PACKAGE_VERSION "4.1.3"
| #define PACKAGE_STRING "sleuthkit 4.1.3"
| #define PACKAGE_BUGREPORT ""
| #define PACKAGE "sleuthkit"
| #define VERSION "4.1.3"
| #define STDC_HEADERS 1
| #define HAVE_SYS_TYPES_H 1
| #define HAVE_SYS_STAT_H 1
| #define HAVE_STDLIB_H 1
| #define HAVE_STRING_H 1
| #define HAVE_MEMORY_H 1
| #define HAVE_STRINGS_H 1
| #define HAVE_INTTYPES_H 1
| #define HAVE_STDINT_H 1
| #define HAVE_UNISTD_H 1
| #define HAVE_DLFCN_H 1
| #define LT_OBJDIR ".libs/"
| /* end confdefs.h.  */
| #include <ac_nonexistent.h>
configure:16303: checking for a BSD-compatible install
configure:16359: result: /usr/bin/install -c
configure:16370: checking whether ln -s works
configure:16374: result: yes
configure:16381: checking whether make sets $(MAKE)
configure:16402: result: yes
configure:16413: checking for perl
configure:16431: found /usr/bin/perl
configure:16443: result: /usr/bin/perl
configure:16453: checking for ANSI C header files
configure:16617: result: yes
configure:16647: checking err.h usability
configure:16664: gcc -c -g -O2  conftest.c >&5
configure:16670: $? = 0
configure:16684: result: yes
configure:16688: checking err.h presence
configure:16703: gcc -E  conftest.c
configure:16709: $? = 0
configure:16723: result: yes
configure:16751: checking for err.h
configure:16759: result: yes
configure:16637: checking for inttypes.h
configure:16643: result: yes
configure:16637: checking for unistd.h
configure:16643: result: yes
configure:16637: checking for stdint.h
configure:16643: result: yes
configure:16647: checking sys/param.h usability
configure:16664: gcc -c -g -O2  conftest.c >&5
configure:16670: $? = 0
configure:16684: result: yes
configure:16688: checking sys/param.h presence
configure:16703: gcc -E  conftest.c
configure:16709: $? = 0
configure:16723: result: yes
configure:16751: checking for sys/param.h
configure:16759: result: yes
configure:16647: checking sys/resource.h usability
configure:16664: gcc -c -g -O2  conftest.c >&5
configure:16670: $? = 0
configure:16684: result: yes
configure:16688: checking sys/resource.h presence
configure:16703: gcc -E  conftest.c
configure:16709: $? = 0
configure:16723: result: yes
configure:16751: checking for sys/resource.h
configure:16759: result: yes
configure:16773: checking for stdbool.h that conforms to C99
configure:16866: gcc -c -g -O2  conftest.c >&5
conftest.c:56:12: warning: address of 's' will always evaluate to 'true' [-Wpointer-bool-conversion]
        bool e = &s;
             ~    ^
conftest.c:98:11: warning: address of array 'a' will always evaluate to 'true' [-Wpointer-bool-conversion]
        return (!a + !b + !c + !d + !e + !f + !g + !h + !i + !!j + !k + !!l
                ~^
conftest.c:98:16: warning: address of array 'b' will always evaluate to 'true' [-Wpointer-bool-conversion]
        return (!a + !b + !c + !d + !e + !f + !g + !h + !i + !!j + !k + !!l
                     ~^
conftest.c:98:21: warning: address of array 'c' will always evaluate to 'true' [-Wpointer-bool-conversion]
        return (!a + !b + !c + !d + !e + !f + !g + !h + !i + !!j + !k + !!l
                          ~^
conftest.c:98:26: warning: address of array 'd' will always evaluate to 'true' [-Wpointer-bool-conversion]
        return (!a + !b + !c + !d + !e + !f + !g + !h + !i + !!j + !k + !!l
                               ~^
conftest.c:98:36: warning: address of array 'f' will always evaluate to 'true' [-Wpointer-bool-conversion]
        return (!a + !b + !c + !d + !e + !f + !g + !h + !i + !!j + !k + !!l
                                         ~^
conftest.c:98:41: warning: address of array 'g' will always evaluate to 'true' [-Wpointer-bool-conversion]
        return (!a + !b + !c + !d + !e + !f + !g + !h + !i + !!j + !k + !!l
                                              ~^
conftest.c:98:46: warning: address of array 'h' will always evaluate to 'true' [-Wpointer-bool-conversion]
        return (!a + !b + !c + !d + !e + !f + !g + !h + !i + !!j + !k + !!l
                                                   ~^
conftest.c:98:51: warning: address of array 'i' will always evaluate to 'true' [-Wpointer-bool-conversion]
        return (!a + !b + !c + !d + !e + !f + !g + !h + !i + !!j + !k + !!l
                                                        ~^
conftest.c:99:11: warning: address of array 'n' will always evaluate to 'true' [-Wpointer-bool-conversion]
                       ~^
conftest.c:99:16: warning: address of array 'o' will always evaluate to 'true' [-Wpointer-bool-conversion]
                            ~^
conftest.c:99:21: warning: address of array 'p' will always evaluate to 'true' [-Wpointer-bool-conversion]
                                 ~^
12 warnings generated.
configure:16872: $? = 0
configure:16887: result: yes
configure:16889: checking for _Bool
configure:16919: gcc -c -g -O2  conftest.c >&5
configure:16925: $? = 0
configure:16940: result: yes
configure:16959: checking for an ANSI C-conforming const
configure:17034: gcc -c -g -O2  conftest.c >&5
configure:17040: $? = 0
configure:17055: result: yes
configure:17065: checking for uid_t in sys/types.h
configure:17088: result: yes
configure:17103: checking for mode_t
configure:17133: gcc -c -g -O2  conftest.c >&5
configure:17139: $? = 0
configure:17154: result: yes
configure:17166: checking for off_t
configure:17196: gcc -c -g -O2  conftest.c >&5
configure:17202: $? = 0
configure:17217: result: yes
configure:17229: checking for size_t
configure:17259: gcc -c -g -O2  conftest.c >&5
configure:17265: $? = 0
configure:17280: result: yes
configure:17300: checking for special C compiler options needed for large files
configure:17393: result: no
configure:17399: checking for _FILE_OFFSET_BITS value needed for large files
configure:17434: gcc -c -g -O2  conftest.c >&5
configure:17440: $? = 0
configure:17508: result: no
configure:17646: checking for working alloca.h
configure:17673: gcc -o conftest -g -O2   conftest.c  >&5
configure:17679: $? = 0
configure:17696: result: yes
configure:17706: checking for alloca
configure:17753: gcc -o conftest -g -O2   conftest.c  >&5
configure:17759: $? = 0
configure:17776: result: yes
configure:18003: checking for error_at_line
configure:18029: gcc -o conftest -g -O2   conftest.c  >&5
conftest.c:33:10: fatal error: 'error.h' file not found
#include <error.h>
         ^~~~~~~~~
1 error generated.
configure:18035: $? = 1
configure: failed program was:
| /* confdefs.h.  */
| #define PACKAGE_NAME "sleuthkit"
| #define PACKAGE_TARNAME "sleuthkit"
| #define PACKAGE_VERSION "4.1.3"
| #define PACKAGE_STRING "sleuthkit 4.1.3"
| #define PACKAGE_BUGREPORT ""
| #define PACKAGE "sleuthkit"
| #define VERSION "4.1.3"
| #define STDC_HEADERS 1
| #define HAVE_SYS_TYPES_H 1
| #define HAVE_SYS_STAT_H 1
| #define HAVE_STDLIB_H 1
| #define HAVE_STRING_H 1
| #define HAVE_MEMORY_H 1
| #define HAVE_STRINGS_H 1
| #define HAVE_INTTYPES_H 1
| #define HAVE_STDINT_H 1
| #define HAVE_UNISTD_H 1
| #define HAVE_DLFCN_H 1
| #define LT_OBJDIR ".libs/"
| #define STDC_HEADERS 1
| #define HAVE_ERR_H 1
| #define HAVE_INTTYPES_H 1
| #define HAVE_UNISTD_H 1
| #define HAVE_STDINT_H 1
| #define HAVE_SYS_PARAM_H 1
| #define HAVE_SYS_RESOURCE_H 1
| #define HAVE__BOOL 1
| #define HAVE_STDBOOL_H 1
| #define HAVE_ALLOCA_H 1
| #define HAVE_ALLOCA 1
| /* end confdefs.h.  */
| #include <error.h>
| int
| main ()
| {
| error_at_line (0, 0, "", 0, "an error occurred");
|   ;
|   return 0;
| }
configure:18052: result: no
configure:18063: checking for _LARGEFILE_SOURCE value needed for large files
configure:18090: gcc -o conftest -g -O2   conftest.c  >&5
configure:18096: $? = 0
configure:18160: result: no
configure:18184: checking whether gcc needs -traditional
conftest.c:34:10: fatal error: 'termio.h' file not found
#include <termio.h>
         ^~~~~~~~~~
1 error generated.
configure:18226: result: no
configure:18233: checking whether lstat dereferences a symlink specified with a trailing slash
configure:18269: gcc -o conftest -g -O2   conftest.c  >&5
configure:18272: $? = 0
configure:18278: ./conftest
configure:18281: $? = 1
configure: program exited with status 1
configure: failed program was:
| /* confdefs.h.  */
| #define PACKAGE_NAME "sleuthkit"
| #define PACKAGE_TARNAME "sleuthkit"
| #define PACKAGE_VERSION "4.1.3"
| #define PACKAGE_STRING "sleuthkit 4.1.3"
| #define PACKAGE_BUGREPORT ""
| #define PACKAGE "sleuthkit"
| #define VERSION "4.1.3"
| #define STDC_HEADERS 1
| #define HAVE_SYS_TYPES_H 1
| #define HAVE_SYS_STAT_H 1
| #define HAVE_STDLIB_H 1
| #define HAVE_STRING_H 1
| #define HAVE_MEMORY_H 1
| #define HAVE_STRINGS_H 1
| #define HAVE_INTTYPES_H 1
| #define HAVE_STDINT_H 1
| #define HAVE_UNISTD_H 1
| #define HAVE_DLFCN_H 1
| #define LT_OBJDIR ".libs/"
| #define STDC_HEADERS 1
| #define HAVE_ERR_H 1
| #define HAVE_INTTYPES_H 1
| #define HAVE_UNISTD_H 1
| #define HAVE_STDINT_H 1
| #define HAVE_SYS_PARAM_H 1
| #define HAVE_SYS_RESOURCE_H 1
| #define HAVE__BOOL 1
| #define HAVE_STDBOOL_H 1
| #define HAVE_ALLOCA_H 1
| #define HAVE_ALLOCA 1
| #define HAVE_FSEEKO 1
| /* end confdefs.h.  */
| #include <stdio.h>
| #ifdef HAVE_SYS_TYPES_H
| # include <sys/types.h>
| #endif
| #ifdef HAVE_SYS_STAT_H
| # include <sys/stat.h>
| #endif
| #ifdef STDC_HEADERS
| # include <stdlib.h>
| # include <stddef.h>
| #else
| # ifdef HAVE_STDLIB_H
| #  include <stdlib.h>
| # endif
| #endif
| #ifdef HAVE_STRING_H
| # if !defined STDC_HEADERS && defined HAVE_MEMORY_H
| #  include <memory.h>
| # endif
| # include <string.h>
| #endif
| #ifdef HAVE_STRINGS_H
| # include <strings.h>
| #endif
| #ifdef HAVE_INTTYPES_H
| # include <inttypes.h>
| #endif
| #ifdef HAVE_STDINT_H
| # include <stdint.h>
| #endif
| #ifdef HAVE_UNISTD_H
| # include <unistd.h>
| #endif
| int
| main ()
| {
| struct stat sbuf;
|      /* Linux will dereference the symlink and fail.
| 	That is better in the sense that it means we will not
| 	have to compile and use the lstat wrapper.  */
|      return lstat ("conftest.sym/", &sbuf) == 0;
|   ;
|   return 0;
| }
configure:18304: result: no
configure:18323: checking whether lstat accepts an empty string
configure:18353: gcc -o conftest -g -O2   conftest.c  >&5
configure:18356: $? = 0
configure:18362: ./conftest
configure:18365: $? = 0
configure:18381: result: no
configure:18397: checking whether lstat dereferences a symlink specified with a trailing slash
configure:18468: result: no
configure:18503: checking sys/select.h usability
configure:18520: gcc -c -g -O2  conftest.c >&5
configure:18526: $? = 0
configure:18540: result: yes
configure:18544: checking sys/select.h presence
configure:18559: gcc -E  conftest.c
configure:18565: $? = 0
configure:18579: result: yes
configure:18607: checking for sys/select.h
configure:18615: result: yes
configure:18503: checking sys/socket.h usability
configure:18520: gcc -c -g -O2  conftest.c >&5
configure:18526: $? = 0
configure:18540: result: yes
configure:18544: checking sys/socket.h presence
configure:18559: gcc -E  conftest.c
configure:18565: $? = 0
configure:18579: result: yes
configure:18607: checking for sys/socket.h
configure:18615: result: yes
configure:18628: checking types of arguments for select
configure:18666: gcc -c -g -O2  conftest.c >&5
configure:18672: $? = 0
configure:18693: result: int,fd_set *,struct timeval *
configure:18734: checking utime.h usability
configure:18751: gcc -c -g -O2  conftest.c >&5
configure:18757: $? = 0
configure:18771: result: yes
configure:18775: checking utime.h presence
configure:18790: gcc -E  conftest.c
configure:18796: $? = 0
configure:18810: result: yes
configure:18838: checking for utime.h
configure:18846: result: yes
configure:18867: checking whether utime accepts a null argument
configure:18906: gcc -o conftest -g -O2   conftest.c  >&5
configure:18909: $? = 0
configure:18915: ./conftest
configure:18918: $? = 0
configure:18934: result: yes
configure:18949: checking for vprintf
configure:19005: gcc -o conftest -g -O2   conftest.c  >&5
conftest.c:64:6: warning: incompatible redeclaration of library function 'vprintf' [-Wincompatible-library-redeclaration]
char vprintf ();
     ^
conftest.c:64:6: note: 'vprintf' is a builtin with type 'int (const char *, struct __va_list_tag *)'
1 warning generated.
configure:19011: $? = 0
configure:19029: result: yes
configure:19036: checking for _doprnt
configure:19092: gcc -o conftest -g -O2   conftest.c  >&5
Undefined symbols for architecture x86_64:
  "__doprnt", referenced from:
      _main in conftest-332468.o
ld: symbol(s) not found for architecture x86_64
clang: error: linker command failed with exit code 1 (use -v to see invocation)
configure:19098: $? = 1
configure: failed program was:
| /* confdefs.h.  */
| #define PACKAGE_NAME "sleuthkit"
| #define PACKAGE_TARNAME "sleuthkit"
| #define PACKAGE_VERSION "4.1.3"
| #define PACKAGE_STRING "sleuthkit 4.1.3"
| #define PACKAGE_BUGREPORT ""
| #define PACKAGE "sleuthkit"
| #define VERSION "4.1.3"
| #define STDC_HEADERS 1
| #define HAVE_SYS_TYPES_H 1
| #define HAVE_SYS_STAT_H 1
| #define HAVE_STDLIB_H 1
| #define HAVE_STRING_H 1
| #define HAVE_MEMORY_H 1
| #define HAVE_STRINGS_H 1
| #define HAVE_INTTYPES_H 1
| #define HAVE_STDINT_H 1
| #define HAVE_UNISTD_H 1
| #define HAVE_DLFCN_H 1
| #define LT_OBJDIR ".libs/"
| #define STDC_HEADERS 1
| #define HAVE_ERR_H 1
| #define HAVE_INTTYPES_H 1
| #define HAVE_UNISTD_H 1
| #define HAVE_STDINT_H 1
| #define HAVE_SYS_PARAM_H 1
| #define HAVE_SYS_RESOURCE_H 1
| #define HAVE__BOOL 1
| #define HAVE_STDBOOL_H 1
| #define HAVE_ALLOCA_H 1
| #define HAVE_ALLOCA 1
| #define HAVE_FSEEKO 1
| #define HAVE_SYS_SELECT_H 1
| #define HAVE_SYS_SOCKET_H 1
| #define SELECT_TYPE_ARG1 int
| #define SELECT_TYPE_ARG234 (fd_set *)
| #define SELECT_TYPE_ARG5 (struct timeval *)
| #define HAVE_UTIME_H 1
| #define HAVE_UTIME_NULL 1
| #define HAVE_VPRINTF 1
| /* end confdefs.h.  */
| /* Define _doprnt to an innocuous variant, in case <limits.h> declares _doprnt.
|    For example, HP-UX 11i <limits.h> declares gettimeofday.  */
| #define _doprnt innocuous__doprnt
| 
| /* System header to define __stub macros and hopefully few prototypes,
|     which can conflict with char _doprnt (); below.
|     Prefer <limits.h> to <assert.h> if __STDC__ is defined, since
|     <limits.h> exists even on freestanding compilers.  */
| 
| #ifdef __STDC__
| # include <limits.h>
| #else
| # include <assert.h>
| #endif
| 
| #undef _doprnt
| 
| /* Override any GCC internal prototype to avoid an error.
|    Use char because int might match the return type of a GCC
|    builtin and then its argument prototype would still apply.  */
| #ifdef __cplusplus
| extern "C"
| #endif
| char _doprnt ();
| /* The GNU C library defines this for functions which it implements
|     to always fail with ENOSYS.  Some functions are actually named
|     something starting with __ and the normal name is an alias.  */
| #if defined __stub__doprnt || defined __stub____doprnt
| choke me
| #endif
| 
| int
| main ()
| {
| return _doprnt ();
|   ;
|   return 0;
| }
configure:19115: result: no
configure:19139: checking for ishexnumber
configure:19195: gcc -o conftest -g -O2   conftest.c  >&5
configure:19201: $? = 0
configure:19219: result: yes
configure:19139: checking for err
configure:19195: gcc -o conftest -g -O2   conftest.c  >&5
configure:19201: $? = 0
configure:19219: result: yes
configure:19139: checking for errx
configure:19195: gcc -o conftest -g -O2   conftest.c  >&5
configure:19201: $? = 0
configure:19219: result: yes
configure:19139: checking for warn
configure:19195: gcc -o conftest -g -O2   conftest.c  >&5
configure:19201: $? = 0
configure:19219: result: yes
configure:19139: checking for warnx
configure:19195: gcc -o conftest -g -O2   conftest.c  >&5
configure:19201: $? = 0
configure:19219: result: yes
configure:19139: checking for vasprintf
configure:19195: gcc -o conftest -g -O2   conftest.c  >&5
conftest.c:81:19: warning: format string missing [-Wformat]
return vasprintf ();
       ~~~~~~~~~  ^
1 warning generated.
configure:19201: $? = 0
configure:19219: result: yes
configure:19139: checking for getrusage
configure:19195: gcc -o conftest -g -O2   conftest.c  >&5
configure:19201: $? = 0
configure:19219: result: yes
configure:19234: checking for strlcpy
configure:19290: gcc -o conftest -g -O2   conftest.c  >&5
conftest.c:72:6: warning: incompatible redeclaration of library function 'strlcpy' [-Wincompatible-library-redeclaration]
char strlcpy ();
     ^
conftest.c:72:6: note: 'strlcpy' is a builtin with type 'unsigned long (char *, const char *, unsigned long)'
1 warning generated.
configure:19296: $? = 0
configure:19314: result: yes
configure:19234: checking for strlcat
configure:19290: gcc -o conftest -g -O2   conftest.c  >&5
conftest.c:73:6: warning: incompatible redeclaration of library function 'strlcat' [-Wincompatible-library-redeclaration]
char strlcat ();
     ^
conftest.c:73:6: note: 'strlcat' is a builtin with type 'unsigned long (char *, const char *, unsigned long)'
1 warning generated.
configure:19296: $? = 0
configure:19314: result: yes
configure:19471: checking whether pthreads work with -pthread
configure:19569: gcc -o conftest -g -O2 -pthread   conftest.c   >&5
configure:19575: $? = 0
configure:19595: result: yes
configure:19614: checking for joinable pthread attribute
configure:19639: gcc -o conftest -g -O2 -pthread   conftest.c   >&5
configure:19645: $? = 0
configure:19662: result: PTHREAD_CREATE_JOINABLE
configure:19672: checking if more special flags are required for pthreads
configure:19679: result: -D_THREAD_SAFE
configure:19783: checking for main in -lstdc++
configure:19812: gcc -o conftest -g -O2  -D_THREAD_SAFE -pthread -I/usr/local/include  -D_THREAD_SAFE -pthread -L/usr/local/lib conftest.c -lstdc++   >&5
configure:19818: $? = 0
configure:19836: result: yes
configure:19855: checking for list
configure:19878: gcc -c -g -O2  -D_THREAD_SAFE -pthread -I/usr/local/include conftest.c >&5
conftest.c:53:1: error: expected identifier or '('
{ { echo "configure:19864: error: missing STL list class header" >&5
^
conftest.c:57:10: fatal error: 'list' file not found
#include <list>
         ^~~~~~
2 errors generated.
configure:19884: $? = 1
configure: failed program was:
| /* confdefs.h.  */
| #define PACKAGE_NAME "sleuthkit"
| #define PACKAGE_TARNAME "sleuthkit"
| #define PACKAGE_VERSION "4.1.3"
| #define PACKAGE_STRING "sleuthkit 4.1.3"
| #define PACKAGE_BUGREPORT ""
| #define PACKAGE "sleuthkit"
| #define VERSION "4.1.3"
| #define STDC_HEADERS 1
| #define HAVE_SYS_TYPES_H 1
| #define HAVE_SYS_STAT_H 1
| #define HAVE_STDLIB_H 1
| #define HAVE_STRING_H 1
| #define HAVE_MEMORY_H 1
| #define HAVE_STRINGS_H 1
| #define HAVE_INTTYPES_H 1
| #define HAVE_STDINT_H 1
| #define HAVE_UNISTD_H 1
| #define HAVE_DLFCN_H 1
| #define LT_OBJDIR ".libs/"
| #define STDC_HEADERS 1
| #define HAVE_ERR_H 1
| #define HAVE_INTTYPES_H 1
| #define HAVE_UNISTD_H 1
| #define HAVE_STDINT_H 1
| #define HAVE_SYS_PARAM_H 1
| #define HAVE_SYS_RESOURCE_H 1
| #define HAVE__BOOL 1
| #define HAVE_STDBOOL_H 1
| #define HAVE_ALLOCA_H 1
| #define HAVE_ALLOCA 1
| #define HAVE_FSEEKO 1
| #define HAVE_SYS_SELECT_H 1
| #define HAVE_SYS_SOCKET_H 1
| #define SELECT_TYPE_ARG1 int
| #define SELECT_TYPE_ARG234 (fd_set *)
| #define SELECT_TYPE_ARG5 (struct timeval *)
| #define HAVE_UTIME_H 1
| #define HAVE_UTIME_NULL 1
| #define HAVE_VPRINTF 1
| #define HAVE_ISHEXNUMBER 1
| #define HAVE_ERR 1
| #define HAVE_ERRX 1
| #define HAVE_WARN 1
| #define HAVE_WARNX 1
| #define HAVE_VASPRINTF 1
| #define HAVE_GETRUSAGE 1
| #define HAVE_STRLCPY 1
| #define HAVE_STRLCAT 1
| #define HAVE_PTHREAD 1
| #define HAVE_LIBSTDC__ 1
| /* end confdefs.h.  */
| { { echo "configure:19864: error: missing STL list class header" >&5
| echo "configure: error: missing STL list class header" >&2;}
|    { (exit 1); exit 1; }; }
| 
| #include <list>
configure:19900: result: no
configure:19915: checking for map
configure:19938: gcc -c -g -O2  -D_THREAD_SAFE -pthread -I/usr/local/include conftest.c >&5
conftest.c:53:1: error: expected identifier or '('
{ { echo "configure:19924: error: missing STL map class header" >&5
^
conftest.c:57:10: fatal error: 'map' file not found
#include <map>
         ^~~~~
2 errors generated.
configure:19944: $? = 1
configure: failed program was:
| /* confdefs.h.  */
| #define PACKAGE_NAME "sleuthkit"
| #define PACKAGE_TARNAME "sleuthkit"
| #define PACKAGE_VERSION "4.1.3"
| #define PACKAGE_STRING "sleuthkit 4.1.3"
| #define PACKAGE_BUGREPORT ""
| #define PACKAGE "sleuthkit"
| #define VERSION "4.1.3"
| #define STDC_HEADERS 1
| #define HAVE_SYS_TYPES_H 1
| #define HAVE_SYS_STAT_H 1
| #define HAVE_STDLIB_H 1
| #define HAVE_STRING_H 1
| #define HAVE_MEMORY_H 1
| #define HAVE_STRINGS_H 1
| #define HAVE_INTTYPES_H 1
| #define HAVE_STDINT_H 1
| #define HAVE_UNISTD_H 1
| #define HAVE_DLFCN_H 1
| #define LT_OBJDIR ".libs/"
| #define STDC_HEADERS 1
| #define HAVE_ERR_H 1
| #define HAVE_INTTYPES_H 1
| #define HAVE_UNISTD_H 1
| #define HAVE_STDINT_H 1
| #define HAVE_SYS_PARAM_H 1
| #define HAVE_SYS_RESOURCE_H 1
| #define HAVE__BOOL 1
| #define HAVE_STDBOOL_H 1
| #define HAVE_ALLOCA_H 1
| #define HAVE_ALLOCA 1
| #define HAVE_FSEEKO 1
| #define HAVE_SYS_SELECT_H 1
| #define HAVE_SYS_SOCKET_H 1
| #define SELECT_TYPE_ARG1 int
| #define SELECT_TYPE_ARG234 (fd_set *)
| #define SELECT_TYPE_ARG5 (struct timeval *)
| #define HAVE_UTIME_H 1
| #define HAVE_UTIME_NULL 1
| #define HAVE_VPRINTF 1
| #define HAVE_ISHEXNUMBER 1
| #define HAVE_ERR 1
| #define HAVE_ERRX 1
| #define HAVE_WARN 1
| #define HAVE_WARNX 1
| #define HAVE_VASPRINTF 1
| #define HAVE_GETRUSAGE 1
| #define HAVE_STRLCPY 1
| #define HAVE_STRLCAT 1
| #define HAVE_PTHREAD 1
| #define HAVE_LIBSTDC__ 1
| /* end confdefs.h.  */
| { { echo "configure:19924: error: missing STL map class header" >&5
| echo "configure: error: missing STL map class header" >&2;}
|    { (exit 1); exit 1; }; }
| 
| #include <map>
configure:19960: result: no
configure:19975: checking for queue
configure:19998: gcc -c -g -O2  -D_THREAD_SAFE -pthread -I/usr/local/include conftest.c >&5
conftest.c:53:1: error: expected identifier or '('
{ { echo "configure:19984: error: missing STL queue class header" >&5
^
conftest.c:57:10: fatal error: 'queue' file not found
#include <queue>
         ^~~~~~~
2 errors generated.
configure:20004: $? = 1
configure: failed program was:
| /* confdefs.h.  */
| #define PACKAGE_NAME "sleuthkit"
| #define PACKAGE_TARNAME "sleuthkit"
| #define PACKAGE_VERSION "4.1.3"
| #define PACKAGE_STRING "sleuthkit 4.1.3"
| #define PACKAGE_BUGREPORT ""
| #define PACKAGE "sleuthkit"
| #define VERSION "4.1.3"
| #define STDC_HEADERS 1
| #define HAVE_SYS_TYPES_H 1
| #define HAVE_SYS_STAT_H 1
| #define HAVE_STDLIB_H 1
| #define HAVE_STRING_H 1
| #define HAVE_MEMORY_H 1
| #define HAVE_STRINGS_H 1
| #define HAVE_INTTYPES_H 1
| #define HAVE_STDINT_H 1
| #define HAVE_UNISTD_H 1
| #define HAVE_DLFCN_H 1
| #define LT_OBJDIR ".libs/"
| #define STDC_HEADERS 1
| #define HAVE_ERR_H 1
| #define HAVE_INTTYPES_H 1
| #define HAVE_UNISTD_H 1
| #define HAVE_STDINT_H 1
| #define HAVE_SYS_PARAM_H 1
| #define HAVE_SYS_RESOURCE_H 1
| #define HAVE__BOOL 1
| #define HAVE_STDBOOL_H 1
| #define HAVE_ALLOCA_H 1
| #define HAVE_ALLOCA 1
| #define HAVE_FSEEKO 1
| #define HAVE_SYS_SELECT_H 1
| #define HAVE_SYS_SOCKET_H 1
| #define SELECT_TYPE_ARG1 int
| #define SELECT_TYPE_ARG234 (fd_set *)
| #define SELECT_TYPE_ARG5 (struct timeval *)
| #define HAVE_UTIME_H 1
| #define HAVE_UTIME_NULL 1
| #define HAVE_VPRINTF 1
| #define HAVE_ISHEXNUMBER 1
| #define HAVE_ERR 1
| #define HAVE_ERRX 1
| #define HAVE_WARN 1
| #define HAVE_WARNX 1
| #define HAVE_VASPRINTF 1
| #define HAVE_GETRUSAGE 1
| #define HAVE_STRLCPY 1
| #define HAVE_STRLCAT 1
| #define HAVE_PTHREAD 1
| #define HAVE_LIBSTDC__ 1
| /* end confdefs.h.  */
| { { echo "configure:19984: error: missing STL queue class header" >&5
| echo "configure: error: missing STL queue class header" >&2;}
|    { (exit 1); exit 1; }; }
| 
| #include <queue>
configure:20020: result: no
configure:20035: checking for set
configure:20058: gcc -c -g -O2  -D_THREAD_SAFE -pthread -I/usr/local/include conftest.c >&5
conftest.c:53:1: error: expected identifier or '('
{ { echo "configure:20044: error: missing STL set class header" >&5
^
conftest.c:57:10: fatal error: 'set' file not found
#include <set>
         ^~~~~
2 errors generated.
configure:20064: $? = 1
configure: failed program was:
| /* confdefs.h.  */
| #define PACKAGE_NAME "sleuthkit"
| #define PACKAGE_TARNAME "sleuthkit"
| #define PACKAGE_VERSION "4.1.3"
| #define PACKAGE_STRING "sleuthkit 4.1.3"
| #define PACKAGE_BUGREPORT ""
| #define PACKAGE "sleuthkit"
| #define VERSION "4.1.3"
| #define STDC_HEADERS 1
| #define HAVE_SYS_TYPES_H 1
| #define HAVE_SYS_STAT_H 1
| #define HAVE_STDLIB_H 1
| #define HAVE_STRING_H 1
| #define HAVE_MEMORY_H 1
| #define HAVE_STRINGS_H 1
| #define HAVE_INTTYPES_H 1
| #define HAVE_STDINT_H 1
| #define HAVE_UNISTD_H 1
| #define HAVE_DLFCN_H 1
| #define LT_OBJDIR ".libs/"
| #define STDC_HEADERS 1
| #define HAVE_ERR_H 1
| #define HAVE_INTTYPES_H 1
| #define HAVE_UNISTD_H 1
| #define HAVE_STDINT_H 1
| #define HAVE_SYS_PARAM_H 1
| #define HAVE_SYS_RESOURCE_H 1
| #define HAVE__BOOL 1
| #define HAVE_STDBOOL_H 1
| #define HAVE_ALLOCA_H 1
| #define HAVE_ALLOCA 1
| #define HAVE_FSEEKO 1
| #define HAVE_SYS_SELECT_H 1
| #define HAVE_SYS_SOCKET_H 1
| #define SELECT_TYPE_ARG1 int
| #define SELECT_TYPE_ARG234 (fd_set *)
| #define SELECT_TYPE_ARG5 (struct timeval *)
| #define HAVE_UTIME_H 1
| #define HAVE_UTIME_NULL 1
| #define HAVE_VPRINTF 1
| #define HAVE_ISHEXNUMBER 1
| #define HAVE_ERR 1
| #define HAVE_ERRX 1
| #define HAVE_WARN 1
| #define HAVE_WARNX 1
| #define HAVE_VASPRINTF 1
| #define HAVE_GETRUSAGE 1
| #define HAVE_STRLCPY 1
| #define HAVE_STRLCAT 1
| #define HAVE_PTHREAD 1
| #define HAVE_LIBSTDC__ 1
| /* end confdefs.h.  */
| { { echo "configure:20044: error: missing STL set class header" >&5
| echo "configure: error: missing STL set class header" >&2;}
|    { (exit 1); exit 1; }; }
| 
| #include <set>
configure:20080: result: no
configure:20095: checking for stack
configure:20118: gcc -c -g -O2  -D_THREAD_SAFE -pthread -I/usr/local/include conftest.c >&5
conftest.c:53:1: error: expected identifier or '('
{ { echo "configure:20104: error: missing STL stack class header" >&5
^
conftest.c:57:10: fatal error: 'stack' file not found
#include <stack>
         ^~~~~~~
2 errors generated.
configure:20124: $? = 1
configure: failed program was:
| /* confdefs.h.  */
| #define PACKAGE_NAME "sleuthkit"
| #define PACKAGE_TARNAME "sleuthkit"
| #define PACKAGE_VERSION "4.1.3"
| #define PACKAGE_STRING "sleuthkit 4.1.3"
| #define PACKAGE_BUGREPORT ""
| #define PACKAGE "sleuthkit"
| #define VERSION "4.1.3"
| #define STDC_HEADERS 1
| #define HAVE_SYS_TYPES_H 1
| #define HAVE_SYS_STAT_H 1
| #define HAVE_STDLIB_H 1
| #define HAVE_STRING_H 1
| #define HAVE_MEMORY_H 1
| #define HAVE_STRINGS_H 1
| #define HAVE_INTTYPES_H 1
| #define HAVE_STDINT_H 1
| #define HAVE_UNISTD_H 1
| #define HAVE_DLFCN_H 1
| #define LT_OBJDIR ".libs/"
| #define STDC_HEADERS 1
| #define HAVE_ERR_H 1
| #define HAVE_INTTYPES_H 1
| #define HAVE_UNISTD_H 1
| #define HAVE_STDINT_H 1
| #define HAVE_SYS_PARAM_H 1
| #define HAVE_SYS_RESOURCE_H 1
| #define HAVE__BOOL 1
| #define HAVE_STDBOOL_H 1
| #define HAVE_ALLOCA_H 1
| #define HAVE_ALLOCA 1
| #define HAVE_FSEEKO 1
| #define HAVE_SYS_SELECT_H 1
| #define HAVE_SYS_SOCKET_H 1
| #define SELECT_TYPE_ARG1 int
| #define SELECT_TYPE_ARG234 (fd_set *)
| #define SELECT_TYPE_ARG5 (struct timeval *)
| #define HAVE_UTIME_H 1
| #define HAVE_UTIME_NULL 1
| #define HAVE_VPRINTF 1
| #define HAVE_ISHEXNUMBER 1
| #define HAVE_ERR 1
| #define HAVE_ERRX 1
| #define HAVE_WARN 1
| #define HAVE_WARNX 1
| #define HAVE_VASPRINTF 1
| #define HAVE_GETRUSAGE 1
| #define HAVE_STRLCPY 1
| #define HAVE_STRLCAT 1
| #define HAVE_PTHREAD 1
| #define HAVE_LIBSTDC__ 1
| /* end confdefs.h.  */
| { { echo "configure:20104: error: missing STL stack class header" >&5
| echo "configure: error: missing STL stack class header" >&2;}
|    { (exit 1); exit 1; }; }
| 
| #include <stack>
configure:20140: result: no
configure:20155: checking for streambuf
configure:20178: gcc -c -g -O2  -D_THREAD_SAFE -pthread -I/usr/local/include conftest.c >&5
conftest.c:53:1: error: expected identifier or '('
{ { echo "configure:20164: error: missing STL streambuf class header" >&5
^
conftest.c:57:10: fatal error: 'streambuf' file not found
#include <streambuf>
         ^~~~~~~~~~~
2 errors generated.
configure:20184: $? = 1
configure: failed program was:
| /* confdefs.h.  */
| #define PACKAGE_NAME "sleuthkit"
| #define PACKAGE_TARNAME "sleuthkit"
| #define PACKAGE_VERSION "4.1.3"
| #define PACKAGE_STRING "sleuthkit 4.1.3"
| #define PACKAGE_BUGREPORT ""
| #define PACKAGE "sleuthkit"
| #define VERSION "4.1.3"
| #define STDC_HEADERS 1
| #define HAVE_SYS_TYPES_H 1
| #define HAVE_SYS_STAT_H 1
| #define HAVE_STDLIB_H 1
| #define HAVE_STRING_H 1
| #define HAVE_MEMORY_H 1
| #define HAVE_STRINGS_H 1
| #define HAVE_INTTYPES_H 1
| #define HAVE_STDINT_H 1
| #define HAVE_UNISTD_H 1
| #define HAVE_DLFCN_H 1
| #define LT_OBJDIR ".libs/"
| #define STDC_HEADERS 1
| #define HAVE_ERR_H 1
| #define HAVE_INTTYPES_H 1
| #define HAVE_UNISTD_H 1
| #define HAVE_STDINT_H 1
| #define HAVE_SYS_PARAM_H 1
| #define HAVE_SYS_RESOURCE_H 1
| #define HAVE__BOOL 1
| #define HAVE_STDBOOL_H 1
| #define HAVE_ALLOCA_H 1
| #define HAVE_ALLOCA 1
| #define HAVE_FSEEKO 1
| #define HAVE_SYS_SELECT_H 1
| #define HAVE_SYS_SOCKET_H 1
| #define SELECT_TYPE_ARG1 int
| #define SELECT_TYPE_ARG234 (fd_set *)
| #define SELECT_TYPE_ARG5 (struct timeval *)
| #define HAVE_UTIME_H 1
| #define HAVE_UTIME_NULL 1
| #define HAVE_VPRINTF 1
| #define HAVE_ISHEXNUMBER 1
| #define HAVE_ERR 1
| #define HAVE_ERRX 1
| #define HAVE_WARN 1
| #define HAVE_WARNX 1
| #define HAVE_VASPRINTF 1
| #define HAVE_GETRUSAGE 1
| #define HAVE_STRLCPY 1
| #define HAVE_STRLCAT 1
| #define HAVE_PTHREAD 1
| #define HAVE_LIBSTDC__ 1
| /* end confdefs.h.  */
| { { echo "configure:20164: error: missing STL streambuf class header" >&5
| echo "configure: error: missing STL streambuf class header" >&2;}
|    { (exit 1); exit 1; }; }
| 
| #include <streambuf>
configure:20200: result: no
configure:20215: checking for string
configure:20238: gcc -c -g -O2  -D_THREAD_SAFE -pthread -I/usr/local/include conftest.c >&5
conftest.c:53:1: error: expected identifier or '('
{ { echo "configure:20224: error: missing STL string class header" >&5
^
conftest.c:57:10: fatal error: 'string' file not found
#include <string>
         ^~~~~~~~
2 errors generated.
configure:20244: $? = 1
configure: failed program was:
| /* confdefs.h.  */
| #define PACKAGE_NAME "sleuthkit"
| #define PACKAGE_TARNAME "sleuthkit"
| #define PACKAGE_VERSION "4.1.3"
| #define PACKAGE_STRING "sleuthkit 4.1.3"
| #define PACKAGE_BUGREPORT ""
| #define PACKAGE "sleuthkit"
| #define VERSION "4.1.3"
| #define STDC_HEADERS 1
| #define HAVE_SYS_TYPES_H 1
| #define HAVE_SYS_STAT_H 1
| #define HAVE_STDLIB_H 1
| #define HAVE_STRING_H 1
| #define HAVE_MEMORY_H 1
| #define HAVE_STRINGS_H 1
| #define HAVE_INTTYPES_H 1
| #define HAVE_STDINT_H 1
| #define HAVE_UNISTD_H 1
| #define HAVE_DLFCN_H 1
| #define LT_OBJDIR ".libs/"
| #define STDC_HEADERS 1
| #define HAVE_ERR_H 1
| #define HAVE_INTTYPES_H 1
| #define HAVE_UNISTD_H 1
| #define HAVE_STDINT_H 1
| #define HAVE_SYS_PARAM_H 1
| #define HAVE_SYS_RESOURCE_H 1
| #define HAVE__BOOL 1
| #define HAVE_STDBOOL_H 1
| #define HAVE_ALLOCA_H 1
| #define HAVE_ALLOCA 1
| #define HAVE_FSEEKO 1
| #define HAVE_SYS_SELECT_H 1
| #define HAVE_SYS_SOCKET_H 1
| #define SELECT_TYPE_ARG1 int
| #define SELECT_TYPE_ARG234 (fd_set *)
| #define SELECT_TYPE_ARG5 (struct timeval *)
| #define HAVE_UTIME_H 1
| #define HAVE_UTIME_NULL 1
| #define HAVE_VPRINTF 1
| #define HAVE_ISHEXNUMBER 1
| #define HAVE_ERR 1
| #define HAVE_ERRX 1
| #define HAVE_WARN 1
| #define HAVE_WARNX 1
| #define HAVE_VASPRINTF 1
| #define HAVE_GETRUSAGE 1
| #define HAVE_STRLCPY 1
| #define HAVE_STRLCAT 1
| #define HAVE_PTHREAD 1
| #define HAVE_LIBSTDC__ 1
| /* end confdefs.h.  */
| { { echo "configure:20224: error: missing STL string class header" >&5
| echo "configure: error: missing STL string class header" >&2;}
|    { (exit 1); exit 1; }; }
| 
| #include <string>
configure:20260: result: no
configure:20275: checking for vector
configure:20298: gcc -c -g -O2  -D_THREAD_SAFE -pthread -I/usr/local/include conftest.c >&5
conftest.c:53:1: error: expected identifier or '('
{ { echo "configure:20284: error: missing STL vector class header" >&5
^
conftest.c:57:10: fatal error: 'vector' file not found
#include <vector>
         ^~~~~~~~
2 errors generated.
configure:20304: $? = 1
configure: failed program was:
| /* confdefs.h.  */
| #define PACKAGE_NAME "sleuthkit"
| #define PACKAGE_TARNAME "sleuthkit"
| #define PACKAGE_VERSION "4.1.3"
| #define PACKAGE_STRING "sleuthkit 4.1.3"
| #define PACKAGE_BUGREPORT ""
| #define PACKAGE "sleuthkit"
| #define VERSION "4.1.3"
| #define STDC_HEADERS 1
| #define HAVE_SYS_TYPES_H 1
| #define HAVE_SYS_STAT_H 1
| #define HAVE_STDLIB_H 1
| #define HAVE_STRING_H 1
| #define HAVE_MEMORY_H 1
| #define HAVE_STRINGS_H 1
| #define HAVE_INTTYPES_H 1
| #define HAVE_STDINT_H 1
| #define HAVE_UNISTD_H 1
| #define HAVE_DLFCN_H 1
| #define LT_OBJDIR ".libs/"
| #define STDC_HEADERS 1
| #define HAVE_ERR_H 1
| #define HAVE_INTTYPES_H 1
| #define HAVE_UNISTD_H 1
| #define HAVE_STDINT_H 1
| #define HAVE_SYS_PARAM_H 1
| #define HAVE_SYS_RESOURCE_H 1
| #define HAVE__BOOL 1
| #define HAVE_STDBOOL_H 1
| #define HAVE_ALLOCA_H 1
| #define HAVE_ALLOCA 1
| #define HAVE_FSEEKO 1
| #define HAVE_SYS_SELECT_H 1
| #define HAVE_SYS_SOCKET_H 1
| #define SELECT_TYPE_ARG1 int
| #define SELECT_TYPE_ARG234 (fd_set *)
| #define SELECT_TYPE_ARG5 (struct timeval *)
| #define HAVE_UTIME_H 1
| #define HAVE_UTIME_NULL 1
| #define HAVE_VPRINTF 1
| #define HAVE_ISHEXNUMBER 1
| #define HAVE_ERR 1
| #define HAVE_ERRX 1
| #define HAVE_WARN 1
| #define HAVE_WARNX 1
| #define HAVE_VASPRINTF 1
| #define HAVE_GETRUSAGE 1
| #define HAVE_STRLCPY 1
| #define HAVE_STRLCAT 1
| #define HAVE_PTHREAD 1
| #define HAVE_LIBSTDC__ 1
| /* end confdefs.h.  */
| { { echo "configure:20284: error: missing STL vector class header" >&5
| echo "configure: error: missing STL vector class header" >&2;}
|    { (exit 1); exit 1; }; }
| 
| #include <vector>
configure:20320: result: no
configure:20334: checking for dlopen in -ldl
configure:20369: gcc -o conftest -g -O2  -D_THREAD_SAFE -pthread -I/usr/local/include  -D_THREAD_SAFE -pthread -L/usr/local/lib conftest.c -ldl  -lstdc++  >&5
configure:20375: $? = 0
configure:20393: result: yes
configure:20447: checking afflib/afflib.h usability
configure:20464: gcc -c -g -O2  -D_THREAD_SAFE -pthread -I/usr/local/include conftest.c >&5
conftest.c:87:10: fatal error: 'afflib/afflib.h' file not found
#include <afflib/afflib.h>
         ^~~~~~~~~~~~~~~~~
1 error generated.
configure:20470: $? = 1
configure: failed program was:
| /* confdefs.h.  */
| #define PACKAGE_NAME "sleuthkit"
| #define PACKAGE_TARNAME "sleuthkit"
| #define PACKAGE_VERSION "4.1.3"
| #define PACKAGE_STRING "sleuthkit 4.1.3"
| #define PACKAGE_BUGREPORT ""
| #define PACKAGE "sleuthkit"
| #define VERSION "4.1.3"
| #define STDC_HEADERS 1
| #define HAVE_SYS_TYPES_H 1
| #define HAVE_SYS_STAT_H 1
| #define HAVE_STDLIB_H 1
| #define HAVE_STRING_H 1
| #define HAVE_MEMORY_H 1
| #define HAVE_STRINGS_H 1
| #define HAVE_INTTYPES_H 1
| #define HAVE_STDINT_H 1
| #define HAVE_UNISTD_H 1
| #define HAVE_DLFCN_H 1
| #define LT_OBJDIR ".libs/"
| #define STDC_HEADERS 1
| #define HAVE_ERR_H 1
| #define HAVE_INTTYPES_H 1
| #define HAVE_UNISTD_H 1
| #define HAVE_STDINT_H 1
| #define HAVE_SYS_PARAM_H 1
| #define HAVE_SYS_RESOURCE_H 1
| #define HAVE__BOOL 1
| #define HAVE_STDBOOL_H 1
| #define HAVE_ALLOCA_H 1
| #define HAVE_ALLOCA 1
| #define HAVE_FSEEKO 1
| #define HAVE_SYS_SELECT_H 1
| #define HAVE_SYS_SOCKET_H 1
| #define SELECT_TYPE_ARG1 int
| #define SELECT_TYPE_ARG234 (fd_set *)
| #define SELECT_TYPE_ARG5 (struct timeval *)
| #define HAVE_UTIME_H 1
| #define HAVE_UTIME_NULL 1
| #define HAVE_VPRINTF 1
| #define HAVE_ISHEXNUMBER 1
| #define HAVE_ERR 1
| #define HAVE_ERRX 1
| #define HAVE_WARN 1
| #define HAVE_WARNX 1
| #define HAVE_VASPRINTF 1
| #define HAVE_GETRUSAGE 1
| #define HAVE_STRLCPY 1
| #define HAVE_STRLCAT 1
| #define HAVE_PTHREAD 1
| #define HAVE_LIBSTDC__ 1
| #define HAVE_LIBDL 1
| /* end confdefs.h.  */
| #include <stdio.h>
| #ifdef HAVE_SYS_TYPES_H
| # include <sys/types.h>
| #endif
| #ifdef HAVE_SYS_STAT_H
| # include <sys/stat.h>
| #endif
| #ifdef STDC_HEADERS
| # include <stdlib.h>
| # include <stddef.h>
| #else
| # ifdef HAVE_STDLIB_H
| #  include <stdlib.h>
| # endif
| #endif
| #ifdef HAVE_STRING_H
| # if !defined STDC_HEADERS && defined HAVE_MEMORY_H
| #  include <memory.h>
| # endif
| # include <string.h>
| #endif
| #ifdef HAVE_STRINGS_H
| # include <strings.h>
| #endif
| #ifdef HAVE_INTTYPES_H
| # include <inttypes.h>
| #endif
| #ifdef HAVE_STDINT_H
| # include <stdint.h>
| #endif
| #ifdef HAVE_UNISTD_H
| # include <unistd.h>
| #endif
| #include <afflib/afflib.h>
configure:20484: result: no
configure:20488: checking afflib/afflib.h presence
configure:20503: gcc -E  -D_THREAD_SAFE -pthread -I/usr/local/include conftest.c
conftest.c:54:10: fatal error: 'afflib/afflib.h' file not found
#include <afflib/afflib.h>
         ^~~~~~~~~~~~~~~~~
1 error generated.
configure:20509: $? = 1
configure: failed program was:
| /* confdefs.h.  */
| #define PACKAGE_NAME "sleuthkit"
| #define PACKAGE_TARNAME "sleuthkit"
| #define PACKAGE_VERSION "4.1.3"
| #define PACKAGE_STRING "sleuthkit 4.1.3"
| #define PACKAGE_BUGREPORT ""
| #define PACKAGE "sleuthkit"
| #define VERSION "4.1.3"
| #define STDC_HEADERS 1
| #define HAVE_SYS_TYPES_H 1
| #define HAVE_SYS_STAT_H 1
| #define HAVE_STDLIB_H 1
| #define HAVE_STRING_H 1
| #define HAVE_MEMORY_H 1
| #define HAVE_STRINGS_H 1
| #define HAVE_INTTYPES_H 1
| #define HAVE_STDINT_H 1
| #define HAVE_UNISTD_H 1
| #define HAVE_DLFCN_H 1
| #define LT_OBJDIR ".libs/"
| #define STDC_HEADERS 1
| #define HAVE_ERR_H 1
| #define HAVE_INTTYPES_H 1
| #define HAVE_UNISTD_H 1
| #define HAVE_STDINT_H 1
| #define HAVE_SYS_PARAM_H 1
| #define HAVE_SYS_RESOURCE_H 1
| #define HAVE__BOOL 1
| #define HAVE_STDBOOL_H 1
| #define HAVE_ALLOCA_H 1
| #define HAVE_ALLOCA 1
| #define HAVE_FSEEKO 1
| #define HAVE_SYS_SELECT_H 1
| #define HAVE_SYS_SOCKET_H 1
| #define SELECT_TYPE_ARG1 int
| #define SELECT_TYPE_ARG234 (fd_set *)
| #define SELECT_TYPE_ARG5 (struct timeval *)
| #define HAVE_UTIME_H 1
| #define HAVE_UTIME_NULL 1
| #define HAVE_VPRINTF 1
| #define HAVE_ISHEXNUMBER 1
| #define HAVE_ERR 1
| #define HAVE_ERRX 1
| #define HAVE_WARN 1
| #define HAVE_WARNX 1
| #define HAVE_VASPRINTF 1
| #define HAVE_GETRUSAGE 1
| #define HAVE_STRLCPY 1
| #define HAVE_STRLCAT 1
| #define HAVE_PTHREAD 1
| #define HAVE_LIBSTDC__ 1
| #define HAVE_LIBDL 1
| /* end confdefs.h.  */
| #include <afflib/afflib.h>
configure:20523: result: no
configure:20551: checking for afflib/afflib.h
configure:20559: result: no
configure:20664: checking for zlib
configure:20699: checking zlib.h usability
configure:20716: gcc -c -g -O2  -D_THREAD_SAFE -pthread -I/usr/local/include conftest.c >&5
configure:20722: $? = 0
configure:20736: result: yes
configure:20740: checking zlib.h presence
configure:20755: gcc -E  -D_THREAD_SAFE -pthread -I/usr/local/include conftest.c
configure:20761: $? = 0
configure:20775: result: yes
configure:20803: checking for zlib.h
configure:20811: result: yes
configure:20820: checking for inflate in -lz
configure:20855: gcc -o conftest -g -O2  -D_THREAD_SAFE -pthread -I/usr/local/include  -D_THREAD_SAFE -pthread -L/usr/local/lib conftest.c -lz  -ldl -lstdc++  >&5
configure:20861: $? = 0
configure:20879: result: yes
configure:20918: checking for dlopen in -ldl
configure:20977: result: yes
configure:21030: checking libewf.h usability
configure:21047: gcc -c -g -O2  -D_THREAD_SAFE -pthread -I/usr/local/include conftest.c >&5
conftest.c:90:10: fatal error: 'libewf.h' file not found
#include <libewf.h>
         ^~~~~~~~~~
1 error generated.
configure:21053: $? = 1
configure: failed program was:
| /* confdefs.h.  */
| #define PACKAGE_NAME "sleuthkit"
| #define PACKAGE_TARNAME "sleuthkit"
| #define PACKAGE_VERSION "4.1.3"
| #define PACKAGE_STRING "sleuthkit 4.1.3"
| #define PACKAGE_BUGREPORT ""
| #define PACKAGE "sleuthkit"
| #define VERSION "4.1.3"
| #define STDC_HEADERS 1
| #define HAVE_SYS_TYPES_H 1
| #define HAVE_SYS_STAT_H 1
| #define HAVE_STDLIB_H 1
| #define HAVE_STRING_H 1
| #define HAVE_MEMORY_H 1
| #define HAVE_STRINGS_H 1
| #define HAVE_INTTYPES_H 1
| #define HAVE_STDINT_H 1
| #define HAVE_UNISTD_H 1
| #define HAVE_DLFCN_H 1
| #define LT_OBJDIR ".libs/"
| #define STDC_HEADERS 1
| #define HAVE_ERR_H 1
| #define HAVE_INTTYPES_H 1
| #define HAVE_UNISTD_H 1
| #define HAVE_STDINT_H 1
| #define HAVE_SYS_PARAM_H 1
| #define HAVE_SYS_RESOURCE_H 1
| #define HAVE__BOOL 1
| #define HAVE_STDBOOL_H 1
| #define HAVE_ALLOCA_H 1
| #define HAVE_ALLOCA 1
| #define HAVE_FSEEKO 1
| #define HAVE_SYS_SELECT_H 1
| #define HAVE_SYS_SOCKET_H 1
| #define SELECT_TYPE_ARG1 int
| #define SELECT_TYPE_ARG234 (fd_set *)
| #define SELECT_TYPE_ARG5 (struct timeval *)
| #define HAVE_UTIME_H 1
| #define HAVE_UTIME_NULL 1
| #define HAVE_VPRINTF 1
| #define HAVE_ISHEXNUMBER 1
| #define HAVE_ERR 1
| #define HAVE_ERRX 1
| #define HAVE_WARN 1
| #define HAVE_WARNX 1
| #define HAVE_VASPRINTF 1
| #define HAVE_GETRUSAGE 1
| #define HAVE_STRLCPY 1
| #define HAVE_STRLCAT 1
| #define HAVE_PTHREAD 1
| #define HAVE_LIBSTDC__ 1
| #define HAVE_LIBDL 1
| #define HAVE_ZLIB_H 1
| #define HAVE_LIBZ 1
| #define HAVE_LIBDL 1
| /* end confdefs.h.  */
| #include <stdio.h>
| #ifdef HAVE_SYS_TYPES_H
| # include <sys/types.h>
| #endif
| #ifdef HAVE_SYS_STAT_H
| # include <sys/stat.h>
| #endif
| #ifdef STDC_HEADERS
| # include <stdlib.h>
| # include <stddef.h>
| #else
| # ifdef HAVE_STDLIB_H
| #  include <stdlib.h>
| # endif
| #endif
| #ifdef HAVE_STRING_H
| # if !defined STDC_HEADERS && defined HAVE_MEMORY_H
| #  include <memory.h>
| # endif
| # include <string.h>
| #endif
| #ifdef HAVE_STRINGS_H
| # include <strings.h>
| #endif
| #ifdef HAVE_INTTYPES_H
| # include <inttypes.h>
| #endif
| #ifdef HAVE_STDINT_H
| # include <stdint.h>
| #endif
| #ifdef HAVE_UNISTD_H
| # include <unistd.h>
| #endif
| #include <libewf.h>
configure:21067: result: no
configure:21071: checking libewf.h presence
configure:21086: gcc -E  -D_THREAD_SAFE -pthread -I/usr/local/include conftest.c
conftest.c:57:10: fatal error: 'libewf.h' file not found
#include <libewf.h>
         ^~~~~~~~~~
1 error generated.
configure:21092: $? = 1
configure: failed program was:
| /* confdefs.h.  */
| #define PACKAGE_NAME "sleuthkit"
| #define PACKAGE_TARNAME "sleuthkit"
| #define PACKAGE_VERSION "4.1.3"
| #define PACKAGE_STRING "sleuthkit 4.1.3"
| #define PACKAGE_BUGREPORT ""
| #define PACKAGE "sleuthkit"
| #define VERSION "4.1.3"
| #define STDC_HEADERS 1
| #define HAVE_SYS_TYPES_H 1
| #define HAVE_SYS_STAT_H 1
| #define HAVE_STDLIB_H 1
| #define HAVE_STRING_H 1
| #define HAVE_MEMORY_H 1
| #define HAVE_STRINGS_H 1
| #define HAVE_INTTYPES_H 1
| #define HAVE_STDINT_H 1
| #define HAVE_UNISTD_H 1
| #define HAVE_DLFCN_H 1
| #define LT_OBJDIR ".libs/"
| #define STDC_HEADERS 1
| #define HAVE_ERR_H 1
| #define HAVE_INTTYPES_H 1
| #define HAVE_UNISTD_H 1
| #define HAVE_STDINT_H 1
| #define HAVE_SYS_PARAM_H 1
| #define HAVE_SYS_RESOURCE_H 1
| #define HAVE__BOOL 1
| #define HAVE_STDBOOL_H 1
| #define HAVE_ALLOCA_H 1
| #define HAVE_ALLOCA 1
| #define HAVE_FSEEKO 1
| #define HAVE_SYS_SELECT_H 1
| #define HAVE_SYS_SOCKET_H 1
| #define SELECT_TYPE_ARG1 int
| #define SELECT_TYPE_ARG234 (fd_set *)
| #define SELECT_TYPE_ARG5 (struct timeval *)
| #define HAVE_UTIME_H 1
| #define HAVE_UTIME_NULL 1
| #define HAVE_VPRINTF 1
| #define HAVE_ISHEXNUMBER 1
| #define HAVE_ERR 1
| #define HAVE_ERRX 1
| #define HAVE_WARN 1
| #define HAVE_WARNX 1
| #define HAVE_VASPRINTF 1
| #define HAVE_GETRUSAGE 1
| #define HAVE_STRLCPY 1
| #define HAVE_STRLCAT 1
| #define HAVE_PTHREAD 1
| #define HAVE_LIBSTDC__ 1
| #define HAVE_LIBDL 1
| #define HAVE_ZLIB_H 1
| #define HAVE_LIBZ 1
| #define HAVE_LIBDL 1
| /* end confdefs.h.  */
| #include <libewf.h>
configure:21106: result: no
configure:21134: checking for libewf.h
configure:21142: result: no
configure:21238: checking for library containing dlopen
configure:21279: gcc -o conftest -g -O2  -D_THREAD_SAFE -pthread -I/usr/local/include  -D_THREAD_SAFE -pthread -L/usr/local/lib conftest.c -ldl -lz -ldl -lstdc++  >&5
configure:21285: $? = 0
configure:21313: result: none required
configure:21331: checking for gcj
configure:21361: result: no
configure:21331: checking for guavac
configure:21361: result: no
configure:21331: checking for jikes
configure:21361: result: no
configure:21331: checking for javac
configure:21347: found /usr/bin/javac
configure:21358: result: javac
configure:21417: checking if javac works
configure:21431: javac  Test.java
configure:21434: $? = 0
configure:21446: result: yes
configure:21460: checking for javac
configure:21478: found /usr/bin/javac
configure:21491: result: /usr/bin/javac
configure:21508: checking symlink for /usr/bin/javac
configure:21516: result: /System/Library/Frameworks/JavaVM.framework/Versions/Current/Commands/javac
configure:21533: _JTOPDIR=/System/Library/Frameworks/JavaVM.framework/Versions/Current
configure:21534: _JINC=
configure:21546: "cannot find java include files"
configure:21588: checking for kaffe
configure:21618: result: no
configure:21588: checking for java
configure:21604: found /usr/bin/java
configure:21615: result: java
configure:21676: checking for uudecode
configure:21692: found /usr/bin/uudecode
configure:21703: result: yes
configure:21713: checking if uudecode can decode base 64 file
configure:21740: result: yes
configure:21880: checking if java works
configure:21914: java  Test
configure:21917: $? = 0
configure:21929: result: yes
configure:21938: checking for ant
configure:21971: result: no
configure:22158: creating ./config.status

## ---------------------- ##
## Running config.status. ##
## ---------------------- ##

This file was extended by sleuthkit config.status 4.1.3, which was
generated by GNU Autoconf 2.61.  Invocation command line was

  CONFIG_FILES    = 
  CONFIG_HEADERS  = 
  CONFIG_LINKS    = 
  CONFIG_COMMANDS = 
  $ ./config.status 

on dhcp-892b1c52.ucd.ie

config.status:958: creating Makefile
config.status:958: creating tsk/Makefile
config.status:958: creating tsk/base/Makefile
config.status:958: creating tsk/img/Makefile
config.status:958: creating tsk/vs/Makefile
config.status:958: creating tsk/fs/Makefile
config.status:958: creating tsk/hashdb/Makefile
config.status:958: creating tsk/auto/Makefile
config.status:958: creating tools/Makefile
config.status:958: creating tools/imgtools/Makefile
config.status:958: creating tools/vstools/Makefile
config.status:958: creating tools/fstools/Makefile
config.status:958: creating tools/hashtools/Makefile
config.status:958: creating tools/srchtools/Makefile
config.status:958: creating tools/autotools/Makefile
config.status:958: creating tools/sorter/Makefile
config.status:958: creating tools/timeline/Makefile
config.status:958: creating tools/fiwalk/Makefile
config.status:958: creating tools/fiwalk/src/Makefile
config.status:958: creating tools/fiwalk/plugins/Makefile
config.status:958: creating tests/Makefile
config.status:958: creating samples/Makefile
config.status:958: creating man/Makefile
config.status:958: creating bindings/java/Makefile
config.status:958: creating bindings/java/jni/Makefile
config.status:958: creating unit_tests/Makefile
config.status:958: creating unit_tests/base/Makefile
config.status:958: creating tsk/tsk_config.h
config.status:1275: executing depfiles commands
config.status:1275: executing libtool commands
config.status:1275: executing tsk/tsk_incs.h commands
configure:24673:
Building:
   afflib support:                        no
   libewf support:                        no
   zlib support:                          yes

Features:
   Java/JNI support:                      no


## ---------------- ##
## Cache variables. ##
## ---------------- ##

ac_cv_build=i386-apple-darwin18.7.0
ac_cv_c_compiler_gnu=yes
ac_cv_c_const=yes
ac_cv_cxx_compiler_gnu=yes
ac_cv_env_CCC_set=
ac_cv_env_CCC_value=
ac_cv_env_CC_set=
ac_cv_env_CC_value=
ac_cv_env_CFLAGS_set=
ac_cv_env_CFLAGS_value=
ac_cv_env_CPPFLAGS_set=
ac_cv_env_CPPFLAGS_value=
ac_cv_env_CPP_set=
ac_cv_env_CPP_value=
ac_cv_env_CXXCPP_set=
ac_cv_env_CXXCPP_value=
ac_cv_env_CXXFLAGS_set=
ac_cv_env_CXXFLAGS_value=
ac_cv_env_CXX_set=
ac_cv_env_CXX_value=
ac_cv_env_LDFLAGS_set=
ac_cv_env_LDFLAGS_value=
ac_cv_env_LIBS_set=
ac_cv_env_LIBS_value=
ac_cv_env_build_alias_set=
ac_cv_env_build_alias_value=
ac_cv_env_host_alias_set=
ac_cv_env_host_alias_value=
ac_cv_env_target_alias_set=
ac_cv_env_target_alias_value=
ac_cv_func__doprnt=no
ac_cv_func_alloca_works=yes
ac_cv_func_err=yes
ac_cv_func_errx=yes
ac_cv_func_getrusage=yes
ac_cv_func_ishexnumber=yes
ac_cv_func_lstat_dereferences_slashed_symlink=no
ac_cv_func_lstat_empty_string_bug=no
ac_cv_func_select_args='int,fd_set *,struct timeval *'
ac_cv_func_strlcat=yes
ac_cv_func_strlcpy=yes
ac_cv_func_utime_null=yes
ac_cv_func_vasprintf=yes
ac_cv_func_vprintf=yes
ac_cv_func_warn=yes
ac_cv_func_warnx=yes
ac_cv_header_afflib_afflib_h=no
ac_cv_header_dlfcn_h=yes
ac_cv_header_err_h=yes
ac_cv_header_inttypes_h=yes
ac_cv_header_libewf_h=no
ac_cv_header_list=no
ac_cv_header_map=no
ac_cv_header_memory_h=yes
ac_cv_header_queue=no
ac_cv_header_set=no
ac_cv_header_stack=no
ac_cv_header_stdbool_h=yes
ac_cv_header_stdc=yes
ac_cv_header_stdint_h=yes
ac_cv_header_stdlib_h=yes
ac_cv_header_streambuf=no
ac_cv_header_string=no
ac_cv_header_string_h=yes
ac_cv_header_strings_h=yes
ac_cv_header_sys_param_h=yes
ac_cv_header_sys_resource_h=yes
ac_cv_header_sys_select_h=yes
ac_cv_header_sys_socket_h=yes
ac_cv_header_sys_stat_h=yes
ac_cv_header_sys_types_h=yes
ac_cv_header_unistd_h=yes
ac_cv_header_utime_h=yes
ac_cv_header_vector=no
ac_cv_header_zlib_h=yes
ac_cv_host=i386-apple-darwin18.7.0
ac_cv_lib_dl_dlopen=yes
ac_cv_lib_error_at_line=no
ac_cv_lib_stdcpp_main=yes
ac_cv_lib_z_inflate=yes
ac_cv_objext=o
ac_cv_path_CPPUNIT_CONFIG=no
ac_cv_path_EGREP='/usr/bin/grep -E'
ac_cv_path_FGREP='/usr/bin/grep -F'
ac_cv_path_GREP=/usr/bin/grep
ac_cv_path_PERL=/usr/bin/perl
ac_cv_path_SED=/usr/bin/sed
ac_cv_path__ACJNI_JAVAC=/usr/bin/javac
ac_cv_path_install='/usr/bin/install -c'
ac_cv_prog_AWK=awk
ac_cv_prog_CPP='gcc -E'
ac_cv_prog_CXXCPP='g++ -E'
ac_cv_prog_JAVA=java
ac_cv_prog_JAVAC=javac
ac_cv_prog_ac_ct_AR=ar
ac_cv_prog_ac_ct_CC=gcc
ac_cv_prog_ac_ct_CXX=g++
ac_cv_prog_ac_ct_DSYMUTIL=dsymutil
ac_cv_prog_ac_ct_LIPO=lipo
ac_cv_prog_ac_ct_NMEDIT=nmedit
ac_cv_prog_ac_ct_OTOOL=otool
ac_cv_prog_ac_ct_RANLIB=ranlib
ac_cv_prog_ac_ct_STRIP=strip
ac_cv_prog_cc_c89=
ac_cv_prog_cc_g=yes
ac_cv_prog_cxx_g=yes
ac_cv_prog_gcc_traditional=no
ac_cv_prog_java_works=yes
ac_cv_prog_javac_works=yes
ac_cv_prog_make_make_set=yes
ac_cv_prog_uudecode=yes
ac_cv_prog_uudecode_base64=yes
ac_cv_search_dlopen='none required'
ac_cv_sys_file_offset_bits=no
ac_cv_sys_largefile_CC=no
ac_cv_sys_largefile_source=no
ac_cv_type__Bool=yes
ac_cv_type_mode_t=yes
ac_cv_type_off_t=yes
ac_cv_type_size_t=yes
ac_cv_type_uid_t=yes
ac_cv_working_alloca_h=yes
am_cv_CC_dependencies_compiler_type=gcc3
am_cv_CXX_dependencies_compiler_type=gcc3
lt_cv_apple_cc_single_mod=yes
lt_cv_deplibs_check_method=pass_all
lt_cv_file_magic_cmd='$MAGIC_CMD'
lt_cv_file_magic_test_file=
lt_cv_ld_exported_symbols_list=yes
lt_cv_ld_reload_flag=-r
lt_cv_nm_interface='BSD nm'
lt_cv_objdir=.libs
lt_cv_path_LD=/Library/Developer/CommandLineTools/usr/bin/ld
lt_cv_path_LDCXX=/Library/Developer/CommandLineTools/usr/bin/ld
lt_cv_path_NM='/usr/bin/nm -B'
lt_cv_prog_compiler_c_o=yes
lt_cv_prog_compiler_c_o_CXX=yes
lt_cv_prog_compiler_pic_works=yes
lt_cv_prog_compiler_pic_works_CXX=yes
lt_cv_prog_compiler_rtti_exceptions=yes
lt_cv_prog_compiler_static_works=no
lt_cv_prog_compiler_static_works_CXX=no
lt_cv_prog_gnu_ld=no
lt_cv_prog_gnu_ldcxx=no
lt_cv_sys_global_symbol_pipe='sed -n -e '\''s/^.*[	 ]\([BCDEGRST][BCDEGRST]*\)[	 ][	 ]*_\([_A-Za-z][_A-Za-z0-9]*\)$/\1 _\2 \2/p'\'''
lt_cv_sys_global_symbol_to_c_name_address='sed -n -e '\''s/^: \([^ ]*\) $/  {\"\1\", (void *) 0},/p'\'' -e '\''s/^[BCDEGRST]* \([^ ]*\) \([^ ]*\)$/  {"\2", (void *) \&\2},/p'\'''
lt_cv_sys_global_symbol_to_c_name_address_lib_prefix='sed -n -e '\''s/^: \([^ ]*\) $/  {\"\1\", (void *) 0},/p'\'' -e '\''s/^[BCDEGRST]* \([^ ]*\) \(lib[^ ]*\)$/  {"\2", (void *) \&\2},/p'\'' -e '\''s/^[BCDEGRST]* \([^ ]*\) \([^ ]*\)$/  {"lib\2", (void *) \&\2},/p'\'''
lt_cv_sys_global_symbol_to_cdecl='sed -n -e '\''s/^T .* \(.*\)$/extern int \1();/p'\'' -e '\''s/^[BCDEGRST]* .* \(.*\)$/extern char \1;/p'\'''
lt_cv_sys_max_cmd_len=196608

## ----------------- ##
## Output variables. ##
## ----------------- ##

ACLOCAL='${SHELL} /Users/aliraz/Downloads/cybersecurity/sleuthkit-4.1.3/config/missing --run aclocal-1.10'
ALLOCA=''
AMDEPBACKSLASH='\'
AMDEP_FALSE='#'
AMDEP_TRUE=''
AMTAR='${SHELL} /Users/aliraz/Downloads/cybersecurity/sleuthkit-4.1.3/config/missing --run tar'
ANT_FOUND=''
AR='ar'
AUTOCONF='${SHELL} /Users/aliraz/Downloads/cybersecurity/sleuthkit-4.1.3/config/missing --run autoconf'
AUTOHEADER='${SHELL} /Users/aliraz/Downloads/cybersecurity/sleuthkit-4.1.3/config/missing --run autoheader'
AUTOMAKE='${SHELL} /Users/aliraz/Downloads/cybersecurity/sleuthkit-4.1.3/config/missing --run automake-1.10'
AWK='awk'
CC='gcc'
CCDEPMODE='depmode=gcc3'
CFLAGS='-g -O2'
CPP='gcc -E'
CPPFLAGS=' -D_THREAD_SAFE -pthread -I/usr/local/include'
CPPUNIT_CFLAGS=''
CPPUNIT_CONFIG='no'
CPPUNIT_FALSE=''
CPPUNIT_LIBS=''
CPPUNIT_TRUE='#'
CXX='g++'
CXXCPP='g++ -E'
CXXDEPMODE='depmode=gcc3'
CXXFLAGS='-g -O2'
CYGPATH_W='echo'
DEFS='-DHAVE_CONFIG_H'
DEPDIR='.deps'
DSYMUTIL='dsymutil'
DUMPBIN=''
ECHO_C='ECHO_N=''
ECHO_T=''
EGREP='/usr/bin/grep -E'
EXEEXT=''
FGREP='/usr/bin/grep -F'
GREP='/usr/bin/grep'
INSTALL_DATA='${INSTALL} -m 644'
INSTALL_PROGRAM='${INSTALL}'
INSTALL_SCRIPT='${INSTALL}'
INSTALL_STRIP_PROGRAM='$(install_sh) -c -s'
JAVA='java'
JAVAC='javac'
JNI_CPPFLAGS=''
LD='/Library/Developer/CommandLineTools/usr/bin/ld'
LDFLAGS=' -D_THREAD_SAFE -pthread -L/usr/local/lib'
LIBOBJS=' ${LIBOBJDIR}error$U.o ${LIBOBJDIR}lstat$U.o'
LIBS='-ldl -lz -ldl -lstdc++ '
LIBTOOL='$(SHELL) $(top_builddir)/libtool'
LIPO='lipo'
LN_S='ln -s'
LTLIBOBJS=' ${LIBOBJDIR}error$U.lo ${LIBOBJDIR}lstat$U.lo'
MAINT='#'
MAINTAINER_MODE_FALSE=''
MAINTAINER_MODE_TRUE='#'
MAKEINFO='${SHELL} /Users/aliraz/Downloads/cybersecurity/sleuthkit-4.1.3/config/missing --run makeinfo'
NM='/usr/bin/nm -B'
NMEDIT='nmedit'
OBJEXT='o'
OTOOL64=':'
OTOOL='otool'
PACKAGE='sleuthkit'
PACKAGE_BUGREPORT=''
PACKAGE_NAME='sleuthkit'
PACKAGE_STRING='sleuthkit 4.1.3'
PACKAGE_TARNAME='sleuthkit'
PACKAGE_VERSION='4.1.3'
PATH_SEPARATOR=':'
PERL='/usr/bin/perl'
PTHREAD_CC='gcc'
PTHREAD_CFLAGS='-D_THREAD_SAFE -pthread'
PTHREAD_LIBS=''
RANLIB='ranlib'
SED='/usr/bin/sed'
SET_MAKE=''
SHELL='/bin/sh'
STRIP='strip'
VERSION='4.1.3'
X_JNI_FALSE=''
X_JNI_TRUE='#'
_ACJNI_JAVAC='/usr/bin/javac'
ac_ct_CC='gcc'
ac_ct_CXX='g++'
ac_ct_DUMPBIN=''
am__fastdepCC_FALSE='#'
am__fastdepCC_TRUE=''
am__fastdepCXX_FALSE='#'
am__fastdepCXX_TRUE=''
am__include='include'
am__isrc=''
am__leading_dot='.'
am__quote=''
am__tar='${AMTAR} chof - "$$tardir"'
am__untar='${AMTAR} xf -'
ax_pthread_config=''
bindir='${exec_prefix}/bin'
build='i386-apple-darwin18.7.0'
build_alias=''
build_cpu='i386'
build_os='darwin18.7.0'
build_vendor='apple'
datadir='${datarootdir}'
datarootdir='${prefix}/share'
docdir='${datarootdir}/doc/${PACKAGE_TARNAME}'
dvidir='${docdir}'
exec_prefix='${prefix}'
host='i386-apple-darwin18.7.0'
host_alias=''
host_cpu='i386'
host_os='darwin18.7.0'
host_vendor='apple'
htmldir='${docdir}'
includedir='${prefix}/include'
infodir='${datarootdir}/info'
install_sh='$(SHELL) /Users/aliraz/Downloads/cybersecurity/sleuthkit-4.1.3/config/install-sh'
libdir='${exec_prefix}/lib'
libexecdir='${exec_prefix}/libexec'
localedir='${datarootdir}/locale'
localstatedir='${prefix}/var'
lt_ECHO='/bin/echo'
mandir='${datarootdir}/man'
mkdir_p='$(top_builddir)/config/install-sh -c -d'
oldincludedir='/usr/include'
pdfdir='${docdir}'
prefix='/usr/local'
program_transform_name='s,x,x,'
psdir='${docdir}'
sbindir='${exec_prefix}/sbin'
sharedstatedir='${prefix}/com'
sysconfdir='${prefix}/etc'
target_alias=''
uudecode='yes'

## ----------- ##
## confdefs.h. ##
## ----------- ##

#define PACKAGE_NAME "sleuthkit"
#define PACKAGE_TARNAME "sleuthkit"
#define PACKAGE_VERSION "4.1.3"
#define PACKAGE_STRING "sleuthkit 4.1.3"
#define PACKAGE_BUGREPORT ""
#define PACKAGE "sleuthkit"
#define VERSION "4.1.3"
#define STDC_HEADERS 1
#define HAVE_SYS_TYPES_H 1
#define HAVE_SYS_STAT_H 1
#define HAVE_STDLIB_H 1
#define HAVE_STRING_H 1
#define HAVE_MEMORY_H 1
#define HAVE_STRINGS_H 1
#define HAVE_INTTYPES_H 1
#define HAVE_STDINT_H 1
#define HAVE_UNISTD_H 1
#define HAVE_DLFCN_H 1
#define LT_OBJDIR ".libs/"
#define STDC_HEADERS 1
#define HAVE_ERR_H 1
#define HAVE_INTTYPES_H 1
#define HAVE_UNISTD_H 1
#define HAVE_STDINT_H 1
#define HAVE_SYS_PARAM_H 1
#define HAVE_SYS_RESOURCE_H 1
#define HAVE__BOOL 1
#define HAVE_STDBOOL_H 1
#define HAVE_ALLOCA_H 1
#define HAVE_ALLOCA 1
#define HAVE_FSEEKO 1
#define HAVE_SYS_SELECT_H 1
#define HAVE_SYS_SOCKET_H 1
#define SELECT_TYPE_ARG1 int
#define SELECT_TYPE_ARG234 (fd_set *)
#define SELECT_TYPE_ARG5 (struct timeval *)
#define HAVE_UTIME_H 1
#define HAVE_UTIME_NULL 1
#define HAVE_VPRINTF 1
#define HAVE_ISHEXNUMBER 1
#define HAVE_ERR 1
#define HAVE_ERRX 1
#define HAVE_WARN 1
#define HAVE_WARNX 1
#define HAVE_VASPRINTF 1
#define HAVE_GETRUSAGE 1
#define HAVE_STRLCPY 1
#define HAVE_STRLCAT 1
#define HAVE_PTHREAD 1
#define HAVE_LIBSTDC__ 1
#define HAVE_LIBDL 1
#define HAVE_ZLIB_H 1
#define HAVE_LIBZ 1
#define HAVE_LIBDL 1

configure: exit 0
